#
# There is insufficient memory for the Java Runtime Environment to continue.
# Native memory allocation (malloc) failed to allocate 1098096 bytes. Error detail: Chunk::new
# Possible reasons:
#   The system is out of physical RAM or swap space
#   This process is running with CompressedOops enabled, and the Java Heap may be blocking the growth of the native heap
# Possible solutions:
#   Reduce memory load on the system
#   Increase physical memory or swap space
#   Check if swap backing store is full
#   Decrease Java heap size (-Xmx/-Xms)
#   Decrease number of Java threads
#   Decrease Java thread stack sizes (-Xss)
#   Set larger code cache with -XX:ReservedCodeCacheSize=
#   JVM is running with Unscaled Compressed Oops mode in which the Java heap is
#     placed in the first 4GB address space. The Java Heap base address is the
#     maximum limit for the native heap growth. Please use -XX:HeapBaseMinAddress
#     to set the Java Heap base and to place the Java Heap above 4GB virtual address.
# This output file may be truncated or incomplete.
#
#  Out of Memory Error (arena.cpp:168), pid=23576, tid=23764
#
# JRE version: OpenJDK Runtime Environment Temurin-21.0.10+7 (21.0.10+7) (build 21.0.10+7-LTS)
# Java VM: OpenJDK 64-Bit Server VM Temurin-21.0.10+7 (21.0.10+7-LTS, mixed mode, sharing, tiered, compressed oops, compressed class ptrs, parallel gc, windows-amd64)
# No core dump will be written. Minidumps are not enabled by default on client versions of Windows
#

---------------  S U M M A R Y ------------

Command Line: --add-modules=ALL-SYSTEM --add-opens=java.base/java.util=ALL-UNNAMED --add-opens=java.base/java.lang=ALL-UNNAMED --add-opens=java.base/sun.nio.fs=ALL-UNNAMED -Declipse.application=org.eclipse.jdt.ls.core.id1 -Dosgi.bundles.defaultStartLevel=4 -Declipse.product=org.eclipse.jdt.ls.core.product -Djava.import.generatesMetadataFilesAtProjectRoot=false -DDetectVMInstallationsJob.disabled=true -Dfile.encoding=utf8 -XX:+UseParallelGC -XX:GCTimeRatio=4 -XX:AdaptiveSizePolicyWeight=90 -Dsun.zip.disableMemoryMapping=true -Xmx2G -Xms100m -Xlog:disable -javaagent:c:\Users\prajwal\.antigravity\extensions\redhat.java-1.54.0-win32-x64\lombok\lombok-1.18.39-4050.jar -XX:+HeapDumpOnOutOfMemoryError -XX:HeapDumpPath=c:\Users\prajwal\AppData\Roaming\Antigravity\User\workspaceStorage\ff6c43848e3ac9058189ba5a194a0164\redhat.java -Daether.dependencyCollector.impl=bf c:\Users\prajwal\.antigravity\extensions\redhat.java-1.54.0-win32-x64\server\plugins\org.eclipse.equinox.launcher_1.7.100.v20251111-0406.jar -configuration c:\Users\prajwal\AppData\Roaming\Antigravity\User\globalStorage\redhat.java\1.54.0\config_win -data c:\Users\prajwal\AppData\Roaming\Antigravity\User\workspaceStorage\ff6c43848e3ac9058189ba5a194a0164\redhat.java\jdt_ws --pipe=\\.\pipe\lsp-0d378189ffa69969f57fedc07621831b-sock

Host: AMD Ryzen 5 5625U with Radeon Graphics         , 12 cores, 7G,  Windows 11 , 64 bit Build 26100 (10.0.26100.8246)
Time: Tue May  5 21:07:30 2026 India Standard Time elapsed time: 62.519401 seconds (0d 0h 1m 2s)

---------------  T H R E A D  ---------------

Current thread (0x00000234b913dda0):  JavaThread "C2 CompilerThread0" daemon [_thread_in_native, id=23764, stack(0x0000006f71f00000,0x0000006f72000000) (1024K)]


Current CompileTask:
C2:62519 4940       4       org.eclipse.osgi.internal.serviceregistry.ServiceRegistry::notifyHooksPrivileged (57 bytes)

Stack: [0x0000006f71f00000,0x0000006f72000000]
Native frames: (J=compiled Java code, j=interpreted, Vv=VM code, C=native code)
V  [jvm.dll+0x6d7a39]
V  [jvm.dll+0x8b4b26]
V  [jvm.dll+0x8b70de]
V  [jvm.dll+0x8b77c3]
V  [jvm.dll+0x284346]
V  [jvm.dll+0xc66ed]
V  [jvm.dll+0xc6c31]
V  [jvm.dll+0x3bec01]
V  [jvm.dll+0x38b162]
V  [jvm.dll+0x38a5aa]
V  [jvm.dll+0x24c560]
V  [jvm.dll+0x24bb40]
V  [jvm.dll+0x1cb34e]
V  [jvm.dll+0x25b85d]
V  [jvm.dll+0x259dea]
V  [jvm.dll+0x3f857e]
V  [jvm.dll+0x85f59d]
V  [jvm.dll+0x6d626d]
C  [ucrtbase.dll+0x37b0]
C  [KERNEL32.DLL+0x2e8d7]
C  [ntdll.dll+0x8c3fc]


---------------  P R O C E S S  ---------------

Threads class SMR info:
_java_thread_list=0x0000023518605bd0, length=23, elements={
0x00000234b908ce80, 0x00000234b9133f40, 0x00000234b9136ed0, 0x00000234b9137cc0,
0x00000234b913b010, 0x00000234b91402c0, 0x00000234b913cf60, 0x00000234b913dda0,
0x0000023511e0a780, 0x000002351202cd70, 0x0000023512162250, 0x00000235174cc750,
0x0000023517601300, 0x0000023517807490, 0x0000023517601970, 0x00000235174d6600,
0x00000235121dc940, 0x0000023517b26220, 0x00000235176baaf0, 0x00000235176bb180,
0x00000235176b9dd0, 0x00000235176ba460, 0x000002351726eee0
}

Java Threads: ( => current thread )
  0x00000234b908ce80 JavaThread "main"                              [_thread_blocked, id=26924, stack(0x0000006f71500000,0x0000006f71600000) (1024K)]
  0x00000234b9133f40 JavaThread "Reference Handler"          daemon [_thread_blocked, id=21572, stack(0x0000006f71900000,0x0000006f71a00000) (1024K)]
  0x00000234b9136ed0 JavaThread "Finalizer"                  daemon [_thread_blocked, id=26260, stack(0x0000006f71a00000,0x0000006f71b00000) (1024K)]
  0x00000234b9137cc0 JavaThread "Signal Dispatcher"          daemon [_thread_blocked, id=24500, stack(0x0000006f71b00000,0x0000006f71c00000) (1024K)]
  0x00000234b913b010 JavaThread "Attach Listener"            daemon [_thread_blocked, id=18540, stack(0x0000006f71c00000,0x0000006f71d00000) (1024K)]
  0x00000234b91402c0 JavaThread "Service Thread"             daemon [_thread_blocked, id=27036, stack(0x0000006f71d00000,0x0000006f71e00000) (1024K)]
  0x00000234b913cf60 JavaThread "Monitor Deflation Thread"   daemon [_thread_blocked, id=23296, stack(0x0000006f71e00000,0x0000006f71f00000) (1024K)]
=>0x00000234b913dda0 JavaThread "C2 CompilerThread0"         daemon [_thread_in_native, id=23764, stack(0x0000006f71f00000,0x0000006f72000000) (1024K)]
  0x0000023511e0a780 JavaThread "C1 CompilerThread0"         daemon [_thread_blocked, id=24928, stack(0x0000006f72000000,0x0000006f72100000) (1024K)]
  0x000002351202cd70 JavaThread "Common-Cleaner"             daemon [_thread_blocked, id=19556, stack(0x0000006f72100000,0x0000006f72200000) (1024K)]
  0x0000023512162250 JavaThread "Notification Thread"        daemon [_thread_blocked, id=7608, stack(0x0000006f72400000,0x0000006f72500000) (1024K)]
  0x00000235174cc750 JavaThread "Active Thread: Equinox Container: e0e94da6-5af2-49e5-8f33-ebfea01f811e"        [_thread_blocked, id=23440, stack(0x0000006f72200000,0x0000006f72300000) (1024K)]
  0x0000023517601300 JavaThread "Refresh Thread: Equinox Container: e0e94da6-5af2-49e5-8f33-ebfea01f811e" daemon [_thread_blocked, id=13288, stack(0x0000006f72b00000,0x0000006f72c00000) (1024K)]
  0x0000023517807490 JavaThread "Framework Event Dispatcher: Equinox Container: e0e94da6-5af2-49e5-8f33-ebfea01f811e" daemon [_thread_blocked, id=5824, stack(0x0000006f72c00000,0x0000006f72d00000) (1024K)]
  0x0000023517601970 JavaThread "Start Level: Equinox Container: e0e94da6-5af2-49e5-8f33-ebfea01f811e" daemon [_thread_blocked, id=12900, stack(0x0000006f72d00000,0x0000006f72e00000) (1024K)]
  0x00000235174d6600 JavaThread "Bundle File Closer"         daemon [_thread_blocked, id=11992, stack(0x0000006f73000000,0x0000006f73100000) (1024K)]
  0x00000235121dc940 JavaThread "SCR Component Actor"        daemon [_thread_blocked, id=24396, stack(0x0000006f73100000,0x0000006f73200000) (1024K)]
  0x0000023517b26220 JavaThread "Worker-JM"                         [_thread_blocked, id=24752, stack(0x0000006f73200000,0x0000006f73300000) (1024K)]
  0x00000235176baaf0 JavaThread "Worker-0: Updating Maven Dependencies"        [_thread_blocked, id=21396, stack(0x0000006f73300000,0x0000006f73400000) (1024K)]
  0x00000235176bb180 JavaThread "Worker-1: Repository registry initialization"        [_thread_blocked, id=14436, stack(0x0000006f73400000,0x0000006f73500000) (1024K)]
  0x00000235176b9dd0 JavaThread "Java indexing"              daemon [_thread_blocked, id=21532, stack(0x0000006f73500000,0x0000006f73600000) (1024K)]
  0x00000235176ba460 JavaThread "Worker-2"                          [_thread_blocked, id=27256, stack(0x0000006f73600000,0x0000006f73700000) (1024K)]
  0x000002351726eee0 JavaThread "Worker-3"                          [_thread_blocked, id=26020, stack(0x0000006f73700000,0x0000006f73800000) (1024K)]
Total: 23

Other Threads:
  0x00000234b90249e0 VMThread "VM Thread"                           [id=28608, stack(0x0000006f71800000,0x0000006f71900000) (1024K)]
  0x00000234b8f1ca00 WatcherThread "VM Periodic Task Thread"        [id=10396, stack(0x0000006f71700000,0x0000006f71800000) (1024K)]
  0x00000234b90ab1d0 WorkerThread "GC Thread#0"                     [id=27736, stack(0x0000006f71600000,0x0000006f71700000) (1024K)]
  0x000002351784b640 WorkerThread "GC Thread#1"                     [id=22688, stack(0x0000006f72500000,0x0000006f72600000) (1024K)]
  0x00000235177a4340 WorkerThread "GC Thread#2"                     [id=24140, stack(0x0000006f72600000,0x0000006f72700000) (1024K)]
  0x00000235177a46f0 WorkerThread "GC Thread#3"                     [id=24020, stack(0x0000006f72700000,0x0000006f72800000) (1024K)]
  0x0000023517026b30 WorkerThread "GC Thread#4"                     [id=11656, stack(0x0000006f72800000,0x0000006f72900000) (1024K)]
  0x0000023517026ee0 WorkerThread "GC Thread#5"                     [id=27960, stack(0x0000006f72900000,0x0000006f72a00000) (1024K)]
  0x0000023517027290 WorkerThread "GC Thread#6"                     [id=20212, stack(0x0000006f72a00000,0x0000006f72b00000) (1024K)]
  0x0000023517687fc0 WorkerThread "GC Thread#7"                     [id=2520, stack(0x0000006f72300000,0x0000006f72400000) (1024K)]
  0x00000235120cb6b0 WorkerThread "GC Thread#8"                     [id=24756, stack(0x0000006f71400000,0x0000006f71500000) (1024K)]
  0x0000023511f5b880 WorkerThread "GC Thread#9"                     [id=24672, stack(0x0000006f72e00000,0x0000006f72f00000) (1024K)]
Total: 12

Threads with active compile tasks:
C2 CompilerThread0  62562 4940       4       org.eclipse.osgi.internal.serviceregistry.ServiceRegistry::notifyHooksPrivileged (57 bytes)
Total: 1

VM state: at safepoint (normal execution)

VM Mutex/Monitor currently owned by a thread:  ([mutex/lock_event])
[0x00007ffe50f6e560] Threads_lock - owner thread: 0x00000234b90249e0
[0x00007ffe50f6e660] Heap_lock - owner thread: 0x00000235176bb180

Heap address: 0x0000000080000000, size: 2048 MB, Compressed Oops mode: 32-bit

CDS archive(s) mapped at: [0x00000234d0000000-0x00000234d0ba0000-0x00000234d0ba0000), size 12189696, SharedBaseAddress: 0x00000234d0000000, ArchiveRelocationMode: 1.
Compressed class space mapped at: 0x00000234d1000000-0x0000023511000000, reserved size: 1073741824
Narrow klass base: 0x00000234d0000000, Narrow klass shift: 0, Narrow klass range: 0x100000000

GC Precious Log:
 CardTable entry size: 512
 CPUs: 12 total, 12 available
 Memory: 7520M
 Large Page Support: Disabled
 NUMA Support: Disabled
 Compressed Oops: Enabled (32-bit)
 Alignments: Space 512K, Generation 512K, Heap 2M
 Heap Min Capacity: 100M
 Heap Initial Capacity: 100M
 Heap Max Capacity: 2G
 Pre-touch: Disabled
 Parallel Workers: 10

Heap:
 PSYoungGen      total 23040K, used 192K [0x00000000d5580000, 0x00000000d7000000, 0x0000000100000000)
  eden space 22016K, 0% used [0x00000000d5580000,0x00000000d5580000,0x00000000d6b00000)
  from space 1024K, 18% used [0x00000000d6e80000,0x00000000d6eb0000,0x00000000d6f80000)
  to   space 512K, 0% used [0x00000000d6f80000,0x00000000d6f80000,0x00000000d7000000)
 ParOldGen       total 68608K, used 18575K [0x0000000080000000, 0x0000000084300000, 0x00000000d5580000)
  object space 68608K, 27% used [0x0000000080000000,0x0000000081223d98,0x0000000084300000)
 Metaspace       used 34976K, committed 35840K, reserved 1114112K
  class space    used 3633K, committed 4032K, reserved 1048576K

Card table byte_map: [0x00000234b8a30000,0x00000234b8e40000] _byte_map_base: 0x00000234b8630000

Marking Bits: (ParMarkBitMap*) 0x00007ffe50f73450
 Begin Bits: [0x00000234cb540000, 0x00000234cd540000)
 End Bits:   [0x00000234cd540000, 0x00000234cf540000)

Polling page: 0x00000234b6f00000

Metaspace:

Usage:
  Non-class:     30.61 MB used.
      Class:      3.55 MB used.
       Both:     34.16 MB used.

Virtual space:
  Non-class space:       64.00 MB reserved,      31.06 MB ( 49%) committed,  1 nodes.
      Class space:        1.00 GB reserved,       3.94 MB ( <1%) committed,  1 nodes.
             Both:        1.06 GB reserved,      35.00 MB (  3%) committed. 

Chunk freelists:
   Non-Class:  896.00 KB
       Class:  11.95 MB
        Both:  12.83 MB

MaxMetaspaceSize: unlimited
CompressedClassSpaceSize: 1.00 GB
Initial GC threshold: 21.00 MB
Current GC threshold: 35.00 MB
CDS: on
 - commit_granule_bytes: 65536.
 - commit_granule_words: 8192.
 - virtual_space_node_default_size: 8388608.
 - enlarge_chunks_in_place: 1.
 - use_allocation_guard: 0.


Internal statistics:

num_allocs_failed_limit: 6.
num_arena_births: 724.
num_arena_deaths: 14.
num_vsnodes_births: 2.
num_vsnodes_deaths: 0.
num_space_committed: 560.
num_space_uncommitted: 0.
num_chunks_returned_to_freelist: 20.
num_chunks_taken_from_freelist: 2131.
num_chunk_merges: 10.
num_chunk_splits: 1381.
num_chunks_enlarged: 866.
num_inconsistent_stats: 0.

CodeHeap 'non-profiled nmethods': size=120000Kb used=2312Kb max_used=2312Kb free=117687Kb
 bounds [0x00000234c3d60000, 0x00000234c3fd0000, 0x00000234cb290000]
CodeHeap 'profiled nmethods': size=120000Kb used=10755Kb max_used=10755Kb free=109244Kb
 bounds [0x00000234bc290000, 0x00000234bcd20000, 0x00000234c37c0000]
CodeHeap 'non-nmethods': size=5760Kb used=1341Kb max_used=1395Kb free=4418Kb
 bounds [0x00000234c37c0000, 0x00000234c3a30000, 0x00000234c3d60000]
CodeCache: size=245760Kb, used=14408Kb, max_used=14462Kb, free=231349Kb
 total_blobs=5588, nmethods=4956, adapters=538, full_count=0
Compilation: enabled, stopped_count=0, restarted_count=0

Compilation events (20 events):
Event: 62.434 Thread 0x0000023511e0a780 4946       3       com.google.inject.internal.DeclaredMembers$$Lambda/0x00000234d1328850::apply (8 bytes)
Event: 62.434 Thread 0x0000023511e0a780 nmethod 4946 0x00000234bcd09590 code [0x00000234bcd09740, 0x00000234bcd09960]
Event: 62.434 Thread 0x0000023511e0a780 4947       3       com.google.inject.internal.DeclaredMembers$$Lambda/0x00000234d1328a90::apply (8 bytes)
Event: 62.434 Thread 0x0000023511e0a780 nmethod 4947 0x00000234bcd09a10 code [0x00000234bcd09be0, 0x00000234bcd09ec8]
Event: 62.436 Thread 0x0000023511e0a780 4949       3       com.google.inject.internal.Errors::<init> (20 bytes)
Event: 62.437 Thread 0x0000023511e0a780 nmethod 4949 0x00000234bcd0a010 code [0x00000234bcd0a1c0, 0x00000234bcd0a368]
Event: 62.437 Thread 0x0000023511e0a780 4950       3       com.google.inject.internal.Errors::throwConfigurationExceptionIfErrorsExist (22 bytes)
Event: 62.437 Thread 0x0000023511e0a780 nmethod 4950 0x00000234bcd0a410 code [0x00000234bcd0a620, 0x00000234bcd0aac0]
Event: 62.437 Thread 0x0000023511e0a780 4951       3       com.google.common.base.Preconditions::checkPositionIndex (8 bytes)
Event: 62.437 Thread 0x0000023511e0a780 nmethod 4951 0x00000234bcd0ad10 code [0x00000234bcd0aec0, 0x00000234bcd0afe8]
Event: 62.437 Thread 0x0000023511e0a780 4952       3       com.google.common.collect.Iterators::forArrayWithPosition (26 bytes)
Event: 62.438 Thread 0x0000023511e0a780 nmethod 4952 0x00000234bcd0b090 code [0x00000234bcd0b2a0, 0x00000234bcd0b838]
Event: 62.438 Thread 0x0000023511e0a780 4953       3       com.google.inject.Key::<init> (26 bytes)
Event: 62.438 Thread 0x0000023511e0a780 nmethod 4953 0x00000234bcd0ba90 code [0x00000234bcd0bc60, 0x00000234bcd0bfa8]
Event: 62.490 Thread 0x0000023511e0a780 4958       3       com.google.common.collect.LexicographicalOrdering::compare (85 bytes)
Event: 62.491 Thread 0x0000023511e0a780 nmethod 4958 0x00000234bcd0c110 code [0x00000234bcd0c380, 0x00000234bcd0ccb8]
Event: 62.491 Thread 0x0000023511e0a780 4957       3       com.google.common.collect.LexicographicalOrdering::compare (13 bytes)
Event: 62.491 Thread 0x0000023511e0a780 nmethod 4957 0x00000234bcd0cf10 code [0x00000234bcd0d0e0, 0x00000234bcd0d430]
Event: 62.505 Thread 0x0000023511e0a780 4962       3       java.lang.reflect.Constructor::copy (72 bytes)
Event: 62.506 Thread 0x0000023511e0a780 nmethod 4962 0x00000234bcd0d510 code [0x00000234bcd0d6e0, 0x00000234bcd0da08]

GC Heap History (20 events):
Event: 53.642 GC heap before
{Heap before GC invocations=5 (full 0):
 PSYoungGen      total 29696K, used 29691K [0x00000000d5580000, 0x00000000d7680000, 0x0000000100000000)
  eden space 25600K, 100% used [0x00000000d5580000,0x00000000d6e80000,0x00000000d6e80000)
  from space 4096K, 99% used [0x00000000d7280000,0x00000000d767ecb0,0x00000000d7680000)
  to   space 4096K, 0% used [0x00000000d6e80000,0x00000000d6e80000,0x00000000d7280000)
 ParOldGen       total 68608K, used 6776K [0x0000000080000000, 0x0000000084300000, 0x00000000d5580000)
  object space 68608K, 9% used [0x0000000080000000,0x000000008069e3b0,0x0000000084300000)
 Metaspace       used 14674K, committed 15232K, reserved 1114112K
  class space    used 1496K, committed 1728K, reserved 1048576K
}
Event: 53.648 GC heap after
{Heap after GC invocations=5 (full 0):
 PSYoungGen      total 29184K, used 4072K [0x00000000d5580000, 0x00000000d7900000, 0x0000000100000000)
  eden space 25088K, 0% used [0x00000000d5580000,0x00000000d5580000,0x00000000d6e00000)
  from space 4096K, 99% used [0x00000000d6e80000,0x00000000d727a100,0x00000000d7280000)
  to   space 5632K, 0% used [0x00000000d7380000,0x00000000d7380000,0x00000000d7900000)
 ParOldGen       total 68608K, used 7663K [0x0000000080000000, 0x0000000084300000, 0x00000000d5580000)
  object space 68608K, 11% used [0x0000000080000000,0x000000008077bfc0,0x0000000084300000)
 Metaspace       used 14674K, committed 15232K, reserved 1114112K
  class space    used 1496K, committed 1728K, reserved 1048576K
}
Event: 54.526 GC heap before
{Heap before GC invocations=6 (full 0):
 PSYoungGen      total 29184K, used 29160K [0x00000000d5580000, 0x00000000d7900000, 0x0000000100000000)
  eden space 25088K, 100% used [0x00000000d5580000,0x00000000d6e00000,0x00000000d6e00000)
  from space 4096K, 99% used [0x00000000d6e80000,0x00000000d727a100,0x00000000d7280000)
  to   space 5632K, 0% used [0x00000000d7380000,0x00000000d7380000,0x00000000d7900000)
 ParOldGen       total 68608K, used 7663K [0x0000000080000000, 0x0000000084300000, 0x00000000d5580000)
  object space 68608K, 11% used [0x0000000080000000,0x000000008077bfc0,0x0000000084300000)
 Metaspace       used 17797K, committed 18496K, reserved 1114112K
  class space    used 1834K, committed 2112K, reserved 1048576K
}
Event: 54.532 GC heap after
{Heap after GC invocations=6 (full 0):
 PSYoungGen      total 30208K, used 5502K [0x00000000d5580000, 0x00000000d7900000, 0x0000000100000000)
  eden space 24576K, 0% used [0x00000000d5580000,0x00000000d5580000,0x00000000d6d80000)
  from space 5632K, 97% used [0x00000000d7380000,0x00000000d78df870,0x00000000d7900000)
  to   space 5632K, 0% used [0x00000000d6e00000,0x00000000d6e00000,0x00000000d7380000)
 ParOldGen       total 68608K, used 7671K [0x0000000080000000, 0x0000000084300000, 0x00000000d5580000)
  object space 68608K, 11% used [0x0000000080000000,0x000000008077dfc0,0x0000000084300000)
 Metaspace       used 17797K, committed 18496K, reserved 1114112K
  class space    used 1834K, committed 2112K, reserved 1048576K
}
Event: 58.869 GC heap before
{Heap before GC invocations=7 (full 0):
 PSYoungGen      total 30208K, used 30078K [0x00000000d5580000, 0x00000000d7900000, 0x0000000100000000)
  eden space 24576K, 100% used [0x00000000d5580000,0x00000000d6d80000,0x00000000d6d80000)
  from space 5632K, 97% used [0x00000000d7380000,0x00000000d78df870,0x00000000d7900000)
  to   space 5632K, 0% used [0x00000000d6e00000,0x00000000d6e00000,0x00000000d7380000)
 ParOldGen       total 68608K, used 7671K [0x0000000080000000, 0x0000000084300000, 0x00000000d5580000)
  object space 68608K, 11% used [0x0000000080000000,0x000000008077dfc0,0x0000000084300000)
 Metaspace       used 20408K, committed 21184K, reserved 1114112K
  class space    used 2111K, committed 2496K, reserved 1048576K
}
Event: 58.873 GC heap after
{Heap after GC invocations=7 (full 0):
 PSYoungGen      total 29184K, used 4876K [0x00000000d5580000, 0x00000000d7700000, 0x0000000100000000)
  eden space 24064K, 0% used [0x00000000d5580000,0x00000000d5580000,0x00000000d6d00000)
  from space 5120K, 95% used [0x00000000d6e00000,0x00000000d72c31d0,0x00000000d7300000)
  to   space 4096K, 0% used [0x00000000d7300000,0x00000000d7300000,0x00000000d7700000)
 ParOldGen       total 68608K, used 9347K [0x0000000080000000, 0x0000000084300000, 0x00000000d5580000)
  object space 68608K, 13% used [0x0000000080000000,0x0000000080920fa8,0x0000000084300000)
 Metaspace       used 20408K, committed 21184K, reserved 1114112K
  class space    used 2111K, committed 2496K, reserved 1048576K
}
Event: 58.900 GC heap before
{Heap before GC invocations=8 (full 0):
 PSYoungGen      total 29184K, used 7508K [0x00000000d5580000, 0x00000000d7700000, 0x0000000100000000)
  eden space 24064K, 10% used [0x00000000d5580000,0x00000000d58120d8,0x00000000d6d00000)
  from space 5120K, 95% used [0x00000000d6e00000,0x00000000d72c31d0,0x00000000d7300000)
  to   space 4096K, 0% used [0x00000000d7300000,0x00000000d7300000,0x00000000d7700000)
 ParOldGen       total 68608K, used 9347K [0x0000000080000000, 0x0000000084300000, 0x00000000d5580000)
  object space 68608K, 13% used [0x0000000080000000,0x0000000080920fa8,0x0000000084300000)
 Metaspace       used 20714K, committed 21504K, reserved 1114112K
  class space    used 2139K, committed 2496K, reserved 1048576K
}
Event: 58.902 GC heap after
{Heap after GC invocations=8 (full 0):
 PSYoungGen      total 28160K, used 4068K [0x00000000d5580000, 0x00000000d7700000, 0x0000000100000000)
  eden space 24064K, 0% used [0x00000000d5580000,0x00000000d5580000,0x00000000d6d00000)
  from space 4096K, 99% used [0x00000000d7300000,0x00000000d76f93c8,0x00000000d7700000)
  to   space 5120K, 0% used [0x00000000d6d00000,0x00000000d6d00000,0x00000000d7200000)
 ParOldGen       total 68608K, used 10049K [0x0000000080000000, 0x0000000084300000, 0x00000000d5580000)
  object space 68608K, 14% used [0x0000000080000000,0x00000000809d0758,0x0000000084300000)
 Metaspace       used 20714K, committed 21504K, reserved 1114112K
  class space    used 2139K, committed 2496K, reserved 1048576K
}
Event: 58.902 GC heap before
{Heap before GC invocations=9 (full 1):
 PSYoungGen      total 28160K, used 4068K [0x00000000d5580000, 0x00000000d7700000, 0x0000000100000000)
  eden space 24064K, 0% used [0x00000000d5580000,0x00000000d5580000,0x00000000d6d00000)
  from space 4096K, 99% used [0x00000000d7300000,0x00000000d76f93c8,0x00000000d7700000)
  to   space 5120K, 0% used [0x00000000d6d00000,0x00000000d6d00000,0x00000000d7200000)
 ParOldGen       total 68608K, used 10049K [0x0000000080000000, 0x0000000084300000, 0x00000000d5580000)
  object space 68608K, 14% used [0x0000000080000000,0x00000000809d0758,0x0000000084300000)
 Metaspace       used 20714K, committed 21504K, reserved 1114112K
  class space    used 2139K, committed 2496K, reserved 1048576K
}
Event: 59.017 GC heap after
{Heap after GC invocations=9 (full 1):
 PSYoungGen      total 28160K, used 0K [0x00000000d5580000, 0x00000000d7700000, 0x0000000100000000)
  eden space 24064K, 0% used [0x00000000d5580000,0x00000000d5580000,0x00000000d6d00000)
  from space 4096K, 0% used [0x00000000d7300000,0x00000000d7300000,0x00000000d7700000)
  to   space 5120K, 0% used [0x00000000d6d00000,0x00000000d6d00000,0x00000000d7200000)
 ParOldGen       total 68608K, used 13652K [0x0000000080000000, 0x0000000084300000, 0x00000000d5580000)
  object space 68608K, 19% used [0x0000000080000000,0x0000000080d550d8,0x0000000084300000)
 Metaspace       used 20701K, committed 21504K, reserved 1114112K
  class space    used 2135K, committed 2496K, reserved 1048576K
}
Event: 59.308 GC heap before
{Heap before GC invocations=10 (full 1):
 PSYoungGen      total 28160K, used 24064K [0x00000000d5580000, 0x00000000d7700000, 0x0000000100000000)
  eden space 24064K, 100% used [0x00000000d5580000,0x00000000d6d00000,0x00000000d6d00000)
  from space 4096K, 0% used [0x00000000d7300000,0x00000000d7300000,0x00000000d7700000)
  to   space 5120K, 0% used [0x00000000d6d00000,0x00000000d6d00000,0x00000000d7200000)
 ParOldGen       total 68608K, used 13652K [0x0000000080000000, 0x0000000084300000, 0x00000000d5580000)
  object space 68608K, 19% used [0x0000000080000000,0x0000000080d550d8,0x0000000084300000)
 Metaspace       used 23210K, committed 24000K, reserved 1114112K
  class space    used 2296K, committed 2624K, reserved 1048576K
}
Event: 59.309 GC heap after
{Heap after GC invocations=10 (full 1):
 PSYoungGen      total 24064K, used 455K [0x00000000d5580000, 0x00000000d7380000, 0x0000000100000000)
  eden space 23552K, 0% used [0x00000000d5580000,0x00000000d5580000,0x00000000d6c80000)
  from space 512K, 88% used [0x00000000d6d00000,0x00000000d6d71e38,0x00000000d6d80000)
  to   space 2560K, 0% used [0x00000000d7100000,0x00000000d7100000,0x00000000d7380000)
 ParOldGen       total 68608K, used 13652K [0x0000000080000000, 0x0000000084300000, 0x00000000d5580000)
  object space 68608K, 19% used [0x0000000080000000,0x0000000080d550d8,0x0000000084300000)
 Metaspace       used 23210K, committed 24000K, reserved 1114112K
  class space    used 2296K, committed 2624K, reserved 1048576K
}
Event: 59.580 GC heap before
{Heap before GC invocations=11 (full 1):
 PSYoungGen      total 24064K, used 24007K [0x00000000d5580000, 0x00000000d7380000, 0x0000000100000000)
  eden space 23552K, 100% used [0x00000000d5580000,0x00000000d6c80000,0x00000000d6c80000)
  from space 512K, 88% used [0x00000000d6d00000,0x00000000d6d71e38,0x00000000d6d80000)
  to   space 2560K, 0% used [0x00000000d7100000,0x00000000d7100000,0x00000000d7380000)
 ParOldGen       total 68608K, used 13652K [0x0000000080000000, 0x0000000084300000, 0x00000000d5580000)
  object space 68608K, 19% used [0x0000000080000000,0x0000000080d550d8,0x0000000084300000)
 Metaspace       used 25680K, committed 26496K, reserved 1114112K
  class space    used 2491K, committed 2816K, reserved 1048576K
}
Event: 59.582 GC heap after
{Heap after GC invocations=11 (full 1):
 PSYoungGen      total 25600K, used 2184K [0x00000000d5580000, 0x00000000d7380000, 0x0000000100000000)
  eden space 23040K, 0% used [0x00000000d5580000,0x00000000d5580000,0x00000000d6c00000)
  from space 2560K, 85% used [0x00000000d7100000,0x00000000d73222b0,0x00000000d7380000)
  to   space 2560K, 0% used [0x00000000d6e80000,0x00000000d6e80000,0x00000000d7100000)
 ParOldGen       total 68608K, used 13652K [0x0000000080000000, 0x0000000084300000, 0x00000000d5580000)
  object space 68608K, 19% used [0x0000000080000000,0x0000000080d550d8,0x0000000084300000)
 Metaspace       used 25680K, committed 26496K, reserved 1114112K
  class space    used 2491K, committed 2816K, reserved 1048576K
}
Event: 59.991 GC heap before
{Heap before GC invocations=12 (full 1):
 PSYoungGen      total 25600K, used 25224K [0x00000000d5580000, 0x00000000d7380000, 0x0000000100000000)
  eden space 23040K, 100% used [0x00000000d5580000,0x00000000d6c00000,0x00000000d6c00000)
  from space 2560K, 85% used [0x00000000d7100000,0x00000000d73222b0,0x00000000d7380000)
  to   space 2560K, 0% used [0x00000000d6e80000,0x00000000d6e80000,0x00000000d7100000)
 ParOldGen       total 68608K, used 13652K [0x0000000080000000, 0x0000000084300000, 0x00000000d5580000)
  object space 68608K, 19% used [0x0000000080000000,0x0000000080d550d8,0x0000000084300000)
 Metaspace       used 27738K, committed 28672K, reserved 1114112K
  class space    used 2709K, committed 3072K, reserved 1048576K
}
Event: 59.993 GC heap after
{Heap after GC invocations=12 (full 1):
 PSYoungGen      total 24064K, used 1166K [0x00000000d5580000, 0x00000000d7180000, 0x0000000100000000)
  eden space 22528K, 0% used [0x00000000d5580000,0x00000000d5580000,0x00000000d6b80000)
  from space 1536K, 75% used [0x00000000d6e80000,0x00000000d6fa3bf8,0x00000000d7000000)
  to   space 1536K, 0% used [0x00000000d7000000,0x00000000d7000000,0x00000000d7180000)
 ParOldGen       total 68608K, used 15564K [0x0000000080000000, 0x0000000084300000, 0x00000000d5580000)
  object space 68608K, 22% used [0x0000000080000000,0x0000000080f333d0,0x0000000084300000)
 Metaspace       used 27738K, committed 28672K, reserved 1114112K
  class space    used 2709K, committed 3072K, reserved 1048576K
}
Event: 60.278 GC heap before
{Heap before GC invocations=13 (full 1):
 PSYoungGen      total 24064K, used 23694K [0x00000000d5580000, 0x00000000d7180000, 0x0000000100000000)
  eden space 22528K, 100% used [0x00000000d5580000,0x00000000d6b80000,0x00000000d6b80000)
  from space 1536K, 75% used [0x00000000d6e80000,0x00000000d6fa3bf8,0x00000000d7000000)
  to   space 1536K, 0% used [0x00000000d7000000,0x00000000d7000000,0x00000000d7180000)
 ParOldGen       total 68608K, used 15564K [0x0000000080000000, 0x0000000084300000, 0x00000000d5580000)
  object space 68608K, 22% used [0x0000000080000000,0x0000000080f333d0,0x0000000084300000)
 Metaspace       used 31236K, committed 32128K, reserved 1114112K
  class space    used 3164K, committed 3584K, reserved 1048576K
}
Event: 60.280 GC heap after
{Heap after GC invocations=13 (full 1):
 PSYoungGen      total 23040K, used 1024K [0x00000000d5580000, 0x00000000d7100000, 0x0000000100000000)
  eden space 22016K, 0% used [0x00000000d5580000,0x00000000d5580000,0x00000000d6b00000)
  from space 1024K, 100% used [0x00000000d7000000,0x00000000d7100000,0x00000000d7100000)
  to   space 1536K, 0% used [0x00000000d6e00000,0x00000000d6e00000,0x00000000d6f80000)
 ParOldGen       total 68608K, used 16575K [0x0000000080000000, 0x0000000084300000, 0x00000000d5580000)
  object space 68608K, 24% used [0x0000000080000000,0x000000008102fed0,0x0000000084300000)
 Metaspace       used 31236K, committed 32128K, reserved 1114112K
  class space    used 3164K, committed 3584K, reserved 1048576K
}
Event: 60.771 GC heap before
{Heap before GC invocations=14 (full 1):
 PSYoungGen      total 23040K, used 23040K [0x00000000d5580000, 0x00000000d7100000, 0x0000000100000000)
  eden space 22016K, 100% used [0x00000000d5580000,0x00000000d6b00000,0x00000000d6b00000)
  from space 1024K, 100% used [0x00000000d7000000,0x00000000d7100000,0x00000000d7100000)
  to   space 1536K, 0% used [0x00000000d6e00000,0x00000000d6e00000,0x00000000d6f80000)
 ParOldGen       total 68608K, used 16575K [0x0000000080000000, 0x0000000084300000, 0x00000000d5580000)
  object space 68608K, 24% used [0x0000000080000000,0x000000008102fed0,0x0000000084300000)
 Metaspace       used 32640K, committed 33600K, reserved 1114112K
  class space    used 3340K, committed 3776K, reserved 1048576K
}
Event: 60.773 GC heap after
{Heap after GC invocations=14 (full 1):
 PSYoungGen      total 23552K, used 608K [0x00000000d5580000, 0x00000000d7080000, 0x0000000100000000)
  eden space 22016K, 0% used [0x00000000d5580000,0x00000000d5580000,0x00000000d6b00000)
  from space 1536K, 39% used [0x00000000d6e00000,0x00000000d6e98000,0x00000000d6f80000)
  to   space 1024K, 0% used [0x00000000d6f80000,0x00000000d6f80000,0x00000000d7080000)
 ParOldGen       total 68608K, used 17446K [0x0000000080000000, 0x0000000084300000, 0x00000000d5580000)
  object space 68608K, 25% used [0x0000000080000000,0x00000000811099f8,0x0000000084300000)
 Metaspace       used 32640K, committed 33600K, reserved 1114112K
  class space    used 3340K, committed 3776K, reserved 1048576K
}

Dll operation events (10 events):
Event: 0.018 Loaded shared library c:\Users\prajwal\.antigravity\extensions\redhat.java-1.54.0-win32-x64\jre\21.0.10-win32-x86_64\bin\java.dll
Event: 0.115 Loaded shared library c:\Users\prajwal\.antigravity\extensions\redhat.java-1.54.0-win32-x64\jre\21.0.10-win32-x86_64\bin\zip.dll
Event: 0.162 Loaded shared library C:\Users\prajwal\.antigravity\extensions\redhat.java-1.54.0-win32-x64\jre\21.0.10-win32-x86_64\bin\instrument.dll
Event: 0.169 Loaded shared library C:\Users\prajwal\.antigravity\extensions\redhat.java-1.54.0-win32-x64\jre\21.0.10-win32-x86_64\bin\net.dll
Event: 0.173 Loaded shared library C:\Users\prajwal\.antigravity\extensions\redhat.java-1.54.0-win32-x64\jre\21.0.10-win32-x86_64\bin\nio.dll
Event: 0.178 Loaded shared library C:\Users\prajwal\.antigravity\extensions\redhat.java-1.54.0-win32-x64\jre\21.0.10-win32-x86_64\bin\zip.dll
Event: 0.208 Loaded shared library C:\Users\prajwal\.antigravity\extensions\redhat.java-1.54.0-win32-x64\jre\21.0.10-win32-x86_64\bin\jimage.dll
Event: 0.362 Loaded shared library c:\Users\prajwal\.antigravity\extensions\redhat.java-1.54.0-win32-x64\jre\21.0.10-win32-x86_64\bin\verify.dll
Event: 29.030 Loaded shared library C:\Users\prajwal\AppData\Roaming\Antigravity\User\globalStorage\redhat.java\1.54.0\config_win\org.eclipse.equinox.launcher\org.eclipse.equinox.launcher.win32.win32.x86_64_1.3.0.v20260203-2149\eclipse_11919.dll
Event: 62.494 Loaded shared library C:\Users\prajwal\AppData\Local\Temp\jna--322222761\jna1059469788558809431.dll

Deoptimization events (20 events):
Event: 60.306 Thread 0x0000023517601970 Uncommon trap: trap_request=0xffffff45 fr.pc=0x00000234c3d99810 relative=0x0000000000000670
Event: 60.306 Thread 0x0000023517601970 Uncommon trap: reason=unstable_if action=reinterpret pc=0x00000234c3d99810 method=java.lang.String.replace(Ljava/lang/CharSequence;Ljava/lang/CharSequence;)Ljava/lang/String; @ 42 c2
Event: 60.306 Thread 0x0000023517601970 DEOPT PACKING pc=0x00000234c3d99810 sp=0x0000006f72dfb8a0
Event: 60.306 Thread 0x0000023517601970 DEOPT UNPACKING pc=0x00000234c3813aa2 sp=0x0000006f72dfb820 mode 2
Event: 60.328 Thread 0x00000235176bb180 Uncommon trap: trap_request=0xffffff45 fr.pc=0x00000234c3eb3cd4 relative=0x0000000000000134
Event: 60.328 Thread 0x00000235176bb180 Uncommon trap: reason=unstable_if action=reinterpret pc=0x00000234c3eb3cd4 method=java.util.ArrayList.indexOfRange(Ljava/lang/Object;II)I @ 7 c2
Event: 60.328 Thread 0x00000235176bb180 DEOPT PACKING pc=0x00000234c3eb3cd4 sp=0x0000006f734fe4f0
Event: 60.328 Thread 0x00000235176bb180 DEOPT UNPACKING pc=0x00000234c3813aa2 sp=0x0000006f734fe3b0 mode 2
Event: 60.344 Thread 0x00000235176bb180 Uncommon trap: trap_request=0xffffff45 fr.pc=0x00000234c3ead530 relative=0x0000000000000110
Event: 60.344 Thread 0x00000235176bb180 Uncommon trap: reason=unstable_if action=reinterpret pc=0x00000234c3ead530 method=java.util.ArrayList.indexOfRange(Ljava/lang/Object;II)I @ 7 c2
Event: 60.344 Thread 0x00000235176bb180 DEOPT PACKING pc=0x00000234c3ead530 sp=0x0000006f734fe410
Event: 60.344 Thread 0x00000235176bb180 DEOPT UNPACKING pc=0x00000234c3813aa2 sp=0x0000006f734fe3b0 mode 2
Event: 60.533 Thread 0x00000235176bb180 Uncommon trap: trap_request=0xffffff45 fr.pc=0x00000234c3f69934 relative=0x0000000000002274
Event: 60.533 Thread 0x00000235176bb180 Uncommon trap: reason=unstable_if action=reinterpret pc=0x00000234c3f69934 method=sun.nio.cs.StreamDecoder.implRead([CII)I @ 186 c2
Event: 60.533 Thread 0x00000235176bb180 DEOPT PACKING pc=0x00000234c3f69934 sp=0x0000006f734fe1b0
Event: 60.533 Thread 0x00000235176bb180 DEOPT UNPACKING pc=0x00000234c3813aa2 sp=0x0000006f734fde28 mode 2
Event: 60.534 Thread 0x00000235176bb180 Uncommon trap: trap_request=0xffffff45 fr.pc=0x00000234c3f71cc8 relative=0x0000000000000248
Event: 60.534 Thread 0x00000235176bb180 Uncommon trap: reason=unstable_if action=reinterpret pc=0x00000234c3f71cc8 method=java.io.Reader.read()I @ 12 c2
Event: 60.534 Thread 0x00000235176bb180 DEOPT PACKING pc=0x00000234c3f71cc8 sp=0x0000006f734fe260
Event: 60.534 Thread 0x00000235176bb180 DEOPT UNPACKING pc=0x00000234c3813aa2 sp=0x0000006f734fe168 mode 2

Classes loaded (20 events):
Event: 60.565 Loading class sun/reflect/generics/reflectiveObjects/ParameterizedTypeImpl done
Event: 60.981 Loading class sun/reflect/generics/tree/BottomSignature
Event: 60.981 Loading class sun/reflect/generics/tree/BottomSignature done
Event: 60.981 Loading class sun/reflect/generics/tree/Wildcard
Event: 60.981 Loading class sun/reflect/generics/tree/Wildcard done
Event: 60.982 Loading class sun/reflect/generics/reflectiveObjects/WildcardTypeImpl
Event: 60.982 Loading class sun/reflect/generics/reflectiveObjects/WildcardTypeImpl done
Event: 60.982 Loading class sun/reflect/annotation/AnnotatedTypeFactory$AnnotatedParameterizedTypeImpl
Event: 60.983 Loading class java/lang/reflect/AnnotatedParameterizedType
Event: 60.985 Loading class java/lang/reflect/AnnotatedParameterizedType done
Event: 60.985 Loading class sun/reflect/annotation/AnnotatedTypeFactory$AnnotatedParameterizedTypeImpl done
Event: 62.372 Loading class java/util/concurrent/CompletionService
Event: 62.402 Loading class java/util/concurrent/CompletionService done
Event: 62.504 Loading class java/nio/ShortBuffer
Event: 62.505 Loading class java/nio/ShortBuffer done
Event: 62.505 Loading class java/nio/FloatBuffer
Event: 62.507 Loading class java/nio/FloatBuffer done
Event: 62.507 Loading class java/nio/DoubleBuffer
Event: 62.507 Loading class java/nio/DoubleBuffer done
Event: 62.510 Loading class jdk/internal/loader/NativeLibraries$Unloader

Classes unloaded (7 events):
Event: 58.910 Thread 0x00000234b90249e0 Unloading class 0x00000234d11be800 'java/lang/invoke/LambdaForm$MH+0x00000234d11be800'
Event: 58.910 Thread 0x00000234b90249e0 Unloading class 0x00000234d11be400 'java/lang/invoke/LambdaForm$MH+0x00000234d11be400'
Event: 58.910 Thread 0x00000234b90249e0 Unloading class 0x00000234d11be000 'java/lang/invoke/LambdaForm$MH+0x00000234d11be000'
Event: 58.910 Thread 0x00000234b90249e0 Unloading class 0x00000234d11bdc00 'java/lang/invoke/LambdaForm$MH+0x00000234d11bdc00'
Event: 58.910 Thread 0x00000234b90249e0 Unloading class 0x00000234d11bd800 'java/lang/invoke/LambdaForm$BMH+0x00000234d11bd800'
Event: 58.910 Thread 0x00000234b90249e0 Unloading class 0x00000234d11bd400 'java/lang/invoke/LambdaForm$DMH+0x00000234d11bd400'
Event: 58.910 Thread 0x00000234b90249e0 Unloading class 0x00000234d11bc000 'java/lang/invoke/LambdaForm$DMH+0x00000234d11bc000'

Classes redefined (0 events):
No events

Internal exceptions (20 events):
Event: 59.870 Thread 0x00000235176bb180 Exception <a 'java/lang/NoSuchMethodError'{0x00000000d649cf00}: 'int java.lang.invoke.DirectMethodHandle$Holder.invokeStaticInit(java.lang.Object, int, int)'> (0x00000000d649cf00) 
thrown [s\src\hotspot\share\interpreter\linkResolver.cpp, line 773]
Event: 59.871 Thread 0x00000235176bb180 Exception <a 'java/lang/NoSuchMethodError'{0x00000000d64a8ec8}: 'int java.lang.invoke.DirectMethodHandle$Holder.invokeStaticInit(java.lang.Object, long, long)'> (0x00000000d64a8ec8) 
thrown [s\src\hotspot\share\interpreter\linkResolver.cpp, line 773]
Event: 59.871 Thread 0x00000235176bb180 Exception <a 'java/lang/NoSuchMethodError'{0x00000000d64b43d0}: 'int java.lang.invoke.DirectMethodHandle$Holder.invokeStaticInit(java.lang.Object, float, float)'> (0x00000000d64b43d0) 
thrown [s\src\hotspot\share\interpreter\linkResolver.cpp, line 773]
Event: 59.872 Thread 0x00000235176bb180 Exception <a 'java/lang/NoSuchMethodError'{0x00000000d64bacf0}: 'int java.lang.invoke.DirectMethodHandle$Holder.invokeStaticInit(java.lang.Object, double, double)'> (0x00000000d64bacf0) 
thrown [s\src\hotspot\share\interpreter\linkResolver.cpp, line 773]
Event: 59.872 Thread 0x00000235176bb180 Exception <a 'java/lang/NoSuchMethodError'{0x00000000d64c39d0}: 'int java.lang.invoke.DirectMethodHandle$Holder.invokeStatic(java.lang.Object, long)'> (0x00000000d64c39d0) 
thrown [s\src\hotspot\share\interpreter\linkResolver.cpp, line 773]
Event: 59.875 Thread 0x00000235176baaf0 Exception <a 'java/lang/NoSuchMethodError'{0x00000000d64db300}: 'int java.lang.invoke.DirectMethodHandle$Holder.invokeSpecial(java.lang.Object, java.lang.Object, int, int)'> (0x00000000d64db300) 
thrown [s\src\hotspot\share\interpreter\linkResolver.cpp, line 773]
Event: 59.875 Thread 0x00000235176bb180 Exception <a 'java/lang/NoSuchMethodError'{0x00000000d64def90}: 'int java.lang.invoke.DirectMethodHandle$Holder.invokeSpecial(java.lang.Object, java.lang.Object, int, int)'> (0x00000000d64def90) 
thrown [s\src\hotspot\share\interpreter\linkResolver.cpp, line 773]
Event: 59.876 Thread 0x00000235176baaf0 Exception <a 'java/lang/NoSuchMethodError'{0x00000000d64f97a0}: 'int java.lang.invoke.Invokers$Holder.linkToTargetMethod(java.lang.Object, java.lang.Object)'> (0x00000000d64f97a0) 
thrown [s\src\hotspot\share\interpreter\linkResolver.cpp, line 773]
Event: 59.876 Thread 0x00000235176bb180 Exception <a 'java/lang/NoSuchMethodError'{0x00000000d64fac20}: 'int java.lang.invoke.Invokers$Holder.linkToTargetMethod(java.lang.Object, java.lang.Object)'> (0x00000000d64fac20) 
thrown [s\src\hotspot\share\interpreter\linkResolver.cpp, line 773]
Event: 59.876 Thread 0x00000235176bb180 Implicit null exception at 0x00000234c3e45b3d to 0x00000234c3e45bb2
Event: 59.876 Thread 0x00000235176baaf0 Implicit null exception at 0x00000234c3e45b3d to 0x00000234c3e45bb2
Event: 59.877 Thread 0x00000235176baaf0 Exception <a 'java/lang/NoSuchMethodError'{0x00000000d6506590}: 'int java.lang.invoke.DirectMethodHandle$Holder.invokeSpecial(java.lang.Object, java.lang.Object, java.lang.Object, java.lang.Object)'> (0x00000000d6506590) 
thrown [s\src\hotspot\share\interpreter\linkResolver.cpp, line 773]
Event: 59.879 Thread 0x00000235176baaf0 Exception <a 'java/lang/NoSuchMethodError'{0x00000000d65221a8}: 'java.lang.Object java.lang.invoke.DirectMethodHandle$Holder.invokeStatic(java.lang.Object, int, java.lang.Object, java.lang.Object)'> (0x00000000d65221a8) 
thrown [s\src\hotspot\share\interpreter\linkResolver.cpp, line 773]
Event: 59.879 Thread 0x00000235176baaf0 Exception <a 'java/lang/NoSuchMethodError'{0x00000000d6527590}: 'java.lang.Object java.lang.invoke.DelegatingMethodHandle$Holder.delegate(java.lang.Object, int, java.lang.Object, java.lang.Object)'> (0x00000000d6527590) 
thrown [s\src\hotspot\share\interpreter\linkResolver.cpp, line 773]
Event: 59.883 Thread 0x00000235176baaf0 Exception <a 'java/lang/NoSuchMethodError'{0x00000000d655bb28}: 'int java.lang.invoke.Invokers$Holder.linkToTargetMethod(java.lang.Object, java.lang.Object, java.lang.Object)'> (0x00000000d655bb28) 
thrown [s\src\hotspot\share\interpreter\linkResolver.cpp, line 773]
Event: 59.926 Thread 0x00000235176bb180 Exception <a 'java/lang/NoSuchMethodError'{0x00000000d66e7e10}: 'java.lang.Object java.lang.invoke.DirectMethodHandle$Holder.invokeSpecialIFC(java.lang.Object, java.lang.Object, java.lang.Object, java.lang.Object)'> (0x00000000d66e7e10) 
thrown [s\src\hotspot\share\interpreter\linkResolver.cpp, line 773]
Event: 59.961 Thread 0x0000023517601970 Exception <a 'java/lang/NoSuchMethodError'{0x00000000d675a188}: 'java.lang.Object java.lang.invoke.DirectMethodHandle$Holder.invokeStaticInit(java.lang.Object, java.lang.Object, int, int, int, int)'> (0x00000000d675a188) 
thrown [s\src\hotspot\share\interpreter\linkResolver.cpp, line 773]
Event: 60.103 Thread 0x0000023517601970 Exception <a 'java/lang/ClassNotFoundException'{0x00000000d5e890c8}: com/sun/org/apache/xml/internal/serializer/spi/XMLEntitiesProvider> (0x00000000d5e890c8) 
thrown [s\src\hotspot\share\classfile\systemDictionary.cpp, line 312]
Event: 60.253 Thread 0x0000023517601970 Exception <a 'java/io/FileNotFoundException'{0x00000000d691a988}> (0x00000000d691a988) 
thrown [s\src\hotspot\share\prims\jni.cpp, line 520]
Event: 60.297 Thread 0x00000235176bb180 Exception <a 'java/lang/NoClassDefFoundError'{0x00000000d56d96c8}: javax/enterprise/inject/Typed> (0x00000000d56d96c8) 
thrown [s\src\hotspot\share\classfile\systemDictionary.cpp, line 301]

ZGC Phase Switch (0 events):
No events

VM Operations (20 events):
Event: 60.106 Executing non-safepoint VM operation: HandshakeAllThreads (Deoptimize)
Event: 60.106 Executing non-safepoint VM operation: HandshakeAllThreads (Deoptimize) done
Event: 60.142 Executing non-safepoint VM operation: HandshakeAllThreads (Deoptimize)
Event: 60.142 Executing non-safepoint VM operation: HandshakeAllThreads (Deoptimize) done
Event: 60.194 Executing non-safepoint VM operation: HandshakeAllThreads (Deoptimize)
Event: 60.194 Executing non-safepoint VM operation: HandshakeAllThreads (Deoptimize) done
Event: 60.278 Executing safepoint VM operation: ParallelGCFailedAllocation (Allocation Failure)
Event: 60.280 Executing safepoint VM operation: ParallelGCFailedAllocation (Allocation Failure) done
Event: 60.286 Executing non-safepoint VM operation: HandshakeAllThreads (Deoptimize)
Event: 60.286 Executing non-safepoint VM operation: HandshakeAllThreads (Deoptimize) done
Event: 60.771 Executing safepoint VM operation: ParallelGCFailedAllocation (Allocation Failure)
Event: 60.773 Executing safepoint VM operation: ParallelGCFailedAllocation (Allocation Failure) done
Event: 61.077 Executing non-safepoint VM operation: HandshakeAllThreads (Deoptimize)
Event: 61.077 Executing non-safepoint VM operation: HandshakeAllThreads (Deoptimize) done
Event: 62.112 Executing safepoint VM operation: Cleanup
Event: 62.112 Executing safepoint VM operation: Cleanup done
Event: 62.490 Executing non-safepoint VM operation: HandshakeAllThreads (Deoptimize)
Event: 62.490 Executing non-safepoint VM operation: HandshakeAllThreads (Deoptimize) done
Event: 62.494 Executing non-safepoint VM operation: HandshakeAllThreads (Deoptimize)
Event: 62.494 Executing non-safepoint VM operation: HandshakeAllThreads (Deoptimize) done

Memory protections (0 events):
No events

Nmethod flushes (0 events):
No events

Events (20 events):
Event: 2.065 Thread 0x00000235175cce70 Thread exited: 0x00000235175cce70
Event: 2.218 Thread 0x00000235121addd0 Thread exited: 0x00000235121addd0
Event: 2.246 Thread 0x00000234b908ce80 Thread added: 0x00000235174cc750
Event: 28.760 Thread 0x00000234b908ce80 Thread added: 0x0000023517601300
Event: 29.040 Thread 0x0000023517601300 Thread added: 0x0000023517807490
Event: 29.046 Thread 0x00000234b908ce80 Thread added: 0x0000023517601970
Event: 32.629 Thread 0x00000234b913dda0 Thread added: 0x0000023511ec78b0
Event: 34.541 Thread 0x0000023511ec78b0 Thread exited: 0x0000023511ec78b0
Event: 35.011 Thread 0x0000023511e0a780 Thread added: 0x0000023511fac4e0
Event: 35.531 Thread 0x0000023511fac4e0 Thread exited: 0x0000023511fac4e0
Event: 40.405 Thread 0x0000023511e0a780 Thread added: 0x000002351725e440
Event: 40.792 Thread 0x0000023517601970 Thread added: 0x00000235174d6600
Event: 41.298 Thread 0x000002351725e440 Thread exited: 0x000002351725e440
Event: 52.930 Thread 0x0000023517601970 Thread added: 0x00000235121dc940
Event: 53.623 Thread 0x0000023517601970 Thread added: 0x0000023517b26220
Event: 54.068 Thread 0x0000023517601970 Thread added: 0x00000235176baaf0
Event: 54.101 Thread 0x0000023517601970 Thread added: 0x00000235176bb180
Event: 59.769 Thread 0x0000023517601970 Thread added: 0x00000235176b9dd0
Event: 59.855 Thread 0x00000235176bb180 Thread added: 0x00000235176ba460
Event: 60.021 Thread 0x00000235176ba460 Thread added: 0x000002351726eee0


Dynamic libraries:
0x00007ff72e0f0000 - 0x00007ff72e0fe000 	c:\Users\prajwal\.antigravity\extensions\redhat.java-1.54.0-win32-x64\jre\21.0.10-win32-x86_64\bin\java.exe
0x00007fff5ccc0000 - 0x00007fff5cf27000 	C:\WINDOWS\SYSTEM32\ntdll.dll
0x00007fff5c310000 - 0x00007fff5c3d9000 	C:\WINDOWS\System32\KERNEL32.DLL
0x00007fff5a650000 - 0x00007fff5aa44000 	C:\WINDOWS\System32\KERNELBASE.dll
0x00007fff59a80000 - 0x00007fff59bcb000 	C:\WINDOWS\System32\ucrtbase.dll
0x00007fff12550000 - 0x00007fff12568000 	c:\Users\prajwal\.antigravity\extensions\redhat.java-1.54.0-win32-x64\jre\21.0.10-win32-x86_64\bin\jli.dll
0x00007fff5ac90000 - 0x00007fff5ae55000 	C:\WINDOWS\System32\USER32.dll
0x00007fff5a570000 - 0x00007fff5a597000 	C:\WINDOWS\System32\win32u.dll
0x00007fff5c6e0000 - 0x00007fff5c70b000 	C:\WINDOWS\System32\GDI32.dll
0x00007fff59bd0000 - 0x00007fff59cfb000 	C:\WINDOWS\System32\gdi32full.dll
0x00007fff59790000 - 0x00007fff59833000 	C:\WINDOWS\System32\msvcp_win.dll
0x00007fff3e1e0000 - 0x00007fff3e473000 	C:\WINDOWS\WinSxS\amd64_microsoft.windows.common-controls_6595b64144ccf1df_6.0.26100.8115_none_3e075c82e3354f9c\COMCTL32.dll
0x00007fff5c7f0000 - 0x00007fff5c899000 	C:\WINDOWS\System32\msvcrt.dll
0x00007ffe9e5b0000 - 0x00007ffe9e5ce000 	c:\Users\prajwal\.antigravity\extensions\redhat.java-1.54.0-win32-x64\jre\21.0.10-win32-x86_64\bin\VCRUNTIME140.dll
0x00007fff5aed0000 - 0x00007fff5af02000 	C:\WINDOWS\System32\IMM32.DLL
0x00007fff26c40000 - 0x00007fff26c4c000 	c:\Users\prajwal\.antigravity\extensions\redhat.java-1.54.0-win32-x64\jre\21.0.10-win32-x86_64\bin\vcruntime140_1.dll
0x00007ffe9e520000 - 0x00007ffe9e5ad000 	c:\Users\prajwal\.antigravity\extensions\redhat.java-1.54.0-win32-x64\jre\21.0.10-win32-x86_64\bin\msvcp140.dll
0x00007ffe502b0000 - 0x00007ffe51051000 	c:\Users\prajwal\.antigravity\extensions\redhat.java-1.54.0-win32-x64\jre\21.0.10-win32-x86_64\bin\server\jvm.dll
0x00007fff5c720000 - 0x00007fff5c7d6000 	C:\WINDOWS\System32\ADVAPI32.dll
0x00007fff5c260000 - 0x00007fff5c307000 	C:\WINDOWS\System32\sechost.dll
0x00007fff5c8a0000 - 0x00007fff5c9b8000 	C:\WINDOWS\System32\RPCRT4.dll
0x00007fff5aa50000 - 0x00007fff5aad0000 	C:\WINDOWS\System32\WS2_32.dll
0x00007fff59240000 - 0x00007fff5929e000 	C:\WINDOWS\SYSTEM32\POWRPROF.dll
0x00007fff52ac0000 - 0x00007fff52af6000 	C:\WINDOWS\SYSTEM32\WINMM.dll
0x00007fff52b00000 - 0x00007fff52b0b000 	C:\WINDOWS\SYSTEM32\VERSION.dll
0x00007fff59220000 - 0x00007fff59234000 	C:\WINDOWS\SYSTEM32\UMPDC.dll
0x00007fff58320000 - 0x00007fff5833b000 	C:\WINDOWS\SYSTEM32\kernel.appcore.dll
0x00007fff12540000 - 0x00007fff1254a000 	c:\Users\prajwal\.antigravity\extensions\redhat.java-1.54.0-win32-x64\jre\21.0.10-win32-x86_64\bin\jimage.dll
0x00007fff4d7a0000 - 0x00007fff4d9e2000 	C:\WINDOWS\SYSTEM32\DBGHELP.DLL
0x00007fff5afd0000 - 0x00007fff5b352000 	C:\WINDOWS\System32\combase.dll
0x00007fff5bfe0000 - 0x00007fff5c0b8000 	C:\WINDOWS\System32\OLEAUT32.dll
0x00007fff3d940000 - 0x00007fff3d97b000 	C:\WINDOWS\SYSTEM32\dbgcore.DLL
0x00007fff5a5a0000 - 0x00007fff5a645000 	C:\WINDOWS\System32\bcryptPrimitives.dll
0x00007ffebe520000 - 0x00007ffebe52f000 	c:\Users\prajwal\.antigravity\extensions\redhat.java-1.54.0-win32-x64\jre\21.0.10-win32-x86_64\bin\instrument.dll
0x00007ffe9e2b0000 - 0x00007ffe9e2d0000 	c:\Users\prajwal\.antigravity\extensions\redhat.java-1.54.0-win32-x64\jre\21.0.10-win32-x86_64\bin\java.dll
0x00007fff5b870000 - 0x00007fff5bfd7000 	C:\WINDOWS\System32\SHELL32.dll
0x00007fff59620000 - 0x00007fff5978a000 	C:\WINDOWS\System32\wintypes.dll
0x00007fff59d00000 - 0x00007fff5a568000 	C:\WINDOWS\System32\windows.storage.dll
0x00007fff5c5b0000 - 0x00007fff5c6a8000 	C:\WINDOWS\System32\SHCORE.dll
0x00007fff5ae60000 - 0x00007fff5aec6000 	C:\WINDOWS\System32\shlwapi.dll
0x00007fff594b0000 - 0x00007fff594d9000 	C:\WINDOWS\SYSTEM32\profapi.dll
0x00007ffe9e500000 - 0x00007ffe9e518000 	c:\Users\prajwal\.antigravity\extensions\redhat.java-1.54.0-win32-x64\jre\21.0.10-win32-x86_64\bin\zip.dll
0x00007ffec1390000 - 0x00007ffec13a0000 	C:\Users\prajwal\.antigravity\extensions\redhat.java-1.54.0-win32-x64\jre\21.0.10-win32-x86_64\bin\net.dll
0x00007fff50810000 - 0x00007fff5093d000 	C:\WINDOWS\SYSTEM32\WINHTTP.dll
0x00007fff58890000 - 0x00007fff588fc000 	C:\WINDOWS\system32\mswsock.dll
0x00007ffe9e4e0000 - 0x00007ffe9e4f6000 	C:\Users\prajwal\.antigravity\extensions\redhat.java-1.54.0-win32-x64\jre\21.0.10-win32-x86_64\bin\nio.dll
0x00007ffebdb10000 - 0x00007ffebdb20000 	c:\Users\prajwal\.antigravity\extensions\redhat.java-1.54.0-win32-x64\jre\21.0.10-win32-x86_64\bin\verify.dll
0x00007ffe9e440000 - 0x00007ffe9e485000 	C:\Users\prajwal\AppData\Roaming\Antigravity\User\globalStorage\redhat.java\1.54.0\config_win\org.eclipse.equinox.launcher\org.eclipse.equinox.launcher.win32.win32.x86_64_1.3.0.v20260203-2149\eclipse_11919.dll
0x00007fff5c0c0000 - 0x00007fff5c257000 	C:\WINDOWS\System32\ole32.dll
0x00007fff58b70000 - 0x00007fff58b8b000 	C:\WINDOWS\SYSTEM32\CRYPTSP.dll
0x00007fff58280000 - 0x00007fff582b9000 	C:\WINDOWS\system32\rsaenh.dll
0x00007fff58940000 - 0x00007fff58973000 	C:\WINDOWS\SYSTEM32\USERENV.dll
0x00007fff59480000 - 0x00007fff594aa000 	C:\WINDOWS\SYSTEM32\bcrypt.dll
0x00007fff58b90000 - 0x00007fff58b9c000 	C:\WINDOWS\SYSTEM32\CRYPTBASE.dll
0x00007fff57d30000 - 0x00007fff57d62000 	C:\WINDOWS\SYSTEM32\IPHLPAPI.DLL
0x00007fff5c7e0000 - 0x00007fff5c7ea000 	C:\WINDOWS\System32\NSI.dll
0x00007fff386a0000 - 0x00007fff386e9000 	C:\Users\prajwal\AppData\Local\Temp\jna--322222761\jna1059469788558809431.dll
0x00007fff5c710000 - 0x00007fff5c718000 	C:\WINDOWS\System32\PSAPI.DLL

JVMTI agents:
c:\Users\prajwal\.antigravity\extensions\redhat.java-1.54.0-win32-x64\lombok\lombok-1.18.39-4050.jar path:c:\Users\prajwal\.antigravity\extensions\redhat.java-1.54.0-win32-x64\jre\21.0.10-win32-x86_64\bin\instrument.dll, loaded, initialized, instrumentlib options:none

dbghelp: loaded successfully - version: 4.0.5 - missing functions: none
symbol engine: initialized successfully - sym options: 0x614 - pdb path: .;c:\Users\prajwal\.antigravity\extensions\redhat.java-1.54.0-win32-x64\jre\21.0.10-win32-x86_64\bin;C:\WINDOWS\SYSTEM32;C:\WINDOWS\WinSxS\amd64_microsoft.windows.common-controls_6595b64144ccf1df_6.0.26100.8115_none_3e075c82e3354f9c;c:\Users\prajwal\.antigravity\extensions\redhat.java-1.54.0-win32-x64\jre\21.0.10-win32-x86_64\bin\server;C:\Users\prajwal\AppData\Roaming\Antigravity\User\globalStorage\redhat.java\1.54.0\config_win\org.eclipse.equinox.launcher\org.eclipse.equinox.launcher.win32.win32.x86_64_1.3.0.v20260203-2149;C:\Users\prajwal\AppData\Local\Temp\jna--322222761

VM Arguments:
jvm_args: --add-modules=ALL-SYSTEM --add-opens=java.base/java.util=ALL-UNNAMED --add-opens=java.base/java.lang=ALL-UNNAMED --add-opens=java.base/sun.nio.fs=ALL-UNNAMED -Declipse.application=org.eclipse.jdt.ls.core.id1 -Dosgi.bundles.defaultStartLevel=4 -Declipse.product=org.eclipse.jdt.ls.core.product -Djava.import.generatesMetadataFilesAtProjectRoot=false -DDetectVMInstallationsJob.disabled=true -Dfile.encoding=utf8 -XX:+UseParallelGC -XX:GCTimeRatio=4 -XX:AdaptiveSizePolicyWeight=90 -Dsun.zip.disableMemoryMapping=true -Xmx2G -Xms100m -Xlog:disable -javaagent:c:\Users\prajwal\.antigravity\extensions\redhat.java-1.54.0-win32-x64\lombok\lombok-1.18.39-4050.jar -XX:+HeapDumpOnOutOfMemoryError -XX:HeapDumpPath=c:\Users\prajwal\AppData\Roaming\Antigravity\User\workspaceStorage\ff6c43848e3ac9058189ba5a194a0164\redhat.java -Daether.dependencyCollector.impl=bf 
java_command: c:\Users\prajwal\.antigravity\extensions\redhat.java-1.54.0-win32-x64\server\plugins\org.eclipse.equinox.launcher_1.7.100.v20251111-0406.jar -configuration c:\Users\prajwal\AppData\Roaming\Antigravity\User\globalStorage\redhat.java\1.54.0\config_win -data c:\Users\prajwal\AppData\Roaming\Antigravity\User\workspaceStorage\ff6c43848e3ac9058189ba5a194a0164\redhat.java\jdt_ws --pipe=\\.\pipe\lsp-0d378189ffa69969f57fedc07621831b-sock
java_class_path (initial): c:\Users\prajwal\.antigravity\extensions\redhat.java-1.54.0-win32-x64\server\plugins\org.eclipse.equinox.launcher_1.7.100.v20251111-0406.jar
Launcher Type: SUN_STANDARD

[Global flags]
    uintx AdaptiveSizePolicyWeight                 = 90                                        {product} {command line}
     intx CICompilerCount                          = 4                                         {product} {ergonomic}
    uintx GCTimeRatio                              = 4                                         {product} {command line}
     bool HeapDumpOnOutOfMemoryError               = true                                   {manageable} {command line}
    ccstr HeapDumpPath                             = c:\Users\prajwal\AppData\Roaming\Antigravity\User\workspaceStorage\ff6c43848e3ac9058189ba5a194a0164\redhat.java         {manageable} {command line}
   size_t InitialHeapSize                          = 104857600                                 {product} {command line}
   size_t MaxHeapSize                              = 2147483648                                {product} {command line}
   size_t MaxNewSize                               = 715653120                                 {product} {ergonomic}
   size_t MinHeapDeltaBytes                        = 524288                                    {product} {ergonomic}
   size_t MinHeapSize                              = 104857600                                 {product} {command line}
   size_t NewSize                                  = 34603008                                  {product} {ergonomic}
    uintx NonNMethodCodeHeapSize                   = 5839372                                {pd product} {ergonomic}
    uintx NonProfiledCodeHeapSize                  = 122909434                              {pd product} {ergonomic}
   size_t OldSize                                  = 70254592                                  {product} {ergonomic}
    uintx ProfiledCodeHeapSize                     = 122909434                              {pd product} {ergonomic}
    uintx ReservedCodeCacheSize                    = 251658240                              {pd product} {ergonomic}
     bool SegmentedCodeCache                       = true                                      {product} {ergonomic}
   size_t SoftMaxHeapSize                          = 2147483648                             {manageable} {ergonomic}
     bool UseCompressedOops                        = true                           {product lp64_product} {ergonomic}
     bool UseLargePagesIndividualAllocation        = false                                  {pd product} {ergonomic}
     bool UseParallelGC                            = true                                      {product} {command line}

Logging:
Log output configuration:
 #0: stdout all=off uptime,level,tags foldmultilines=false
 #1: stderr all=off uptime,level,tags foldmultilines=false

Release file:
JAVA_VERSION="21.0.10" 
MODULES="java.base java.compiler java.datatransfer java.xml java.prefs java.desktop java.instrument java.logging java.management java.security.sasl java.naming java.rmi java.management.rmi java.net.http java.scripting java.security.jgss java.transaction.xa java.sql java.sql.rowset java.xml.crypto java.se java.smartcardio jdk.accessibility jdk.internal.jvmstat jdk.attach jdk.charsets jdk.internal.opt jdk.zipfs jdk.compiler jdk.crypto.ec jdk.crypto.cryptoki jdk.crypto.mscapi jdk.dynalink jdk.internal.ed jdk.editpad jdk.hotspot.agent jdk.httpserver jdk.internal.le jdk.internal.vm.ci jdk.internal.vm.compiler jdk.internal.vm.compiler.management jdk.jartool jdk.javadoc jdk.jcmd jdk.management jdk.management.agent jdk.jconsole jdk.jdeps jdk.jdwp.agent jdk.jdi jdk.jfr jdk.jshell jdk.jsobject jdk.jstatd jdk.localedata jdk.management.jfr jdk.naming.dns jdk.naming.rmi jdk.net jdk.nio.mapmode jdk.random jdk.sctp jdk.security.auth jdk.security.jgss jdk.unsupported jdk.unsupported.desktop jdk.xml.dom" 

Environment Variables:
JAVA_HOME=C:\Program Files\Java\jdk-17
PATH=C:\Program Files\Java\jdk-17\bin;C:\xampp\php;C:\WINDOWS\system32;C:\WINDOWS;C:\WINDOWS\System32\Wbem;C:\WINDOWS\System32\WindowsPowerShell\v1.0\;C:\WINDOWS\System32\OpenSSH\;C:\Program Files\MySQL\MySQL Server 8.0\bin;C:\Program Files\Git\cmd;C:\Program Files\Git\mingw64\bin;C:\Program Files\Git\usr\bin;C:\ProgramData\chocolatey\bin;C:\Users\prajwal\AppData\Local\Android\Sdk\platform-tools;C:\Program Files (x86)\Microsoft SQL Server\160\Tools\Binn\;C:\Program Files\Microsoft SQL Server\160\Tools\Binn\;C:\Program Files\Microsoft SQL Server\Client SDK\ODBC\170\Tools\Binn\;C:\Program Files\Microsoft SQL Server\160\DTS\Binn\;C:\Users\prajwal\AppData\Local\Programs\Python\Python313;C:\Program Files\apache-ant-1.10.15\bin;C:\Program Files\MySQL\MySQL Connector C 6.1\lib;C:\Program Files\MySQL\MySQL Connector C 6.1\include;C:\Program Files\nodejs\;C:\Program Files\MongoDB\Server\8.0\bin;C:\apache-maven-3.9.10\bin;C:\WINDOWS\system32;C:\WINDOWS;C:\WINDOWS\System32\Wbem;C:\WINDOWS\System32\WindowsPowerShell\v1.0\;C:\WINDOWS\System32\OpenSSH\;C:\Program Files\Docker\Docker\resources\bin;C:\Program Files\cursor\resources\app\bin;C:\ProgramData\ComposerSetup\bin;C:\flutter\bin;C:\Users\prajwal\AppData\Local\Pub\Cache\bin;C:\Program Files\Zabbix Agent\;C:\Users\prajwal\AppData\Local\Programs\Python\Launcher\;C:\Program Files\MySQL\MySQL Shell 8.0\bin\;C:\Users\prajwal\AppData\Local\Programs\Microsoft VS Code\bin;C:\Users\prajwal\AppData\Local\Android\Sdk\platform-tools;C:\MinGW\bin;C:\flutter\bin;C:\Users\prajwal\AppData\Local\Programs\mongosh\;C:\Users\prajwal\AppData\Roaming\npm;C:\Users\prajwal\AppData\Local\Microsoft\WindowsApps;C:\Users\prajwal\AppData\Roaming\Composer\vendor\bin;C:\Users\prajwal\AppData\Local\Programs\Antigravity\bin;C:\Program Files\Java\jdk-17\bin;
USERNAME=prajwal
OS=Windows_NT
PROCESSOR_IDENTIFIER=AMD64 Family 25 Model 80 Stepping 0, AuthenticAMD
TMP=C:\Users\prajwal\AppData\Local\Temp
TEMP=C:\Users\prajwal\AppData\Local\Temp




Periodic native trim disabled

---------------  S Y S T E M  ---------------

OS:
 Windows 11 , 64 bit Build 26100 (10.0.26100.8246)
OS uptime: 0 days 6:09 hours
Hyper-V role detected

CPU: total 12 (initial active 12) (12 cores per cpu, 2 threads per core) family 25 model 80 stepping 0 microcode 0xa50000f, cx8, cmov, fxsr, ht, mmx, 3dnowpref, sse, sse2, sse3, ssse3, sse4a, sse4.1, sse4.2, popcnt, lzcnt, tsc, tscinvbit, avx, avx2, aes, erms, clmul, bmi1, bmi2, adx, sha, fma, vzeroupper, clflush, clflushopt, hv, rdtscp, rdpid, fsrm, f16c, cet_ss
Processor Information for processor 0
  Max Mhz: 2301, Current Mhz: 2301, Mhz Limit: 2301
Processor Information for processor 1
  Max Mhz: 2301, Current Mhz: 2301, Mhz Limit: 2301
Processor Information for processor 2
  Max Mhz: 2301, Current Mhz: 2010, Mhz Limit: 2301
Processor Information for processor 3
  Max Mhz: 2301, Current Mhz: 2301, Mhz Limit: 2301
Processor Information for processor 4
  Max Mhz: 2301, Current Mhz: 2301, Mhz Limit: 2301
Processor Information for processor 5
  Max Mhz: 2301, Current Mhz: 2301, Mhz Limit: 2301
Processor Information for processor 6
  Max Mhz: 2301, Current Mhz: 2301, Mhz Limit: 2301
Processor Information for processor 7
  Max Mhz: 2301, Current Mhz: 2010, Mhz Limit: 2301
Processor Information for processor 8
  Max Mhz: 2301, Current Mhz: 2301, Mhz Limit: 2301
Processor Information for processor 9
  Max Mhz: 2301, Current Mhz: 2301, Mhz Limit: 2301
Processor Information for processor 10
  Max Mhz: 2301, Current Mhz: 2301, Mhz Limit: 2301
Processor Information for processor 11
  Max Mhz: 2301, Current Mhz: 2010, Mhz Limit: 2301

Memory: 4k page, system-wide physical 7520M (70M free)
TotalPageFile size 26369M (AvailPageFile size 0M)
current process WorkingSet (physical memory assigned to process): 152M, peak: 156M
current process commit charge ("private bytes"): 314M, peak: 318M

vm_info: OpenJDK 64-Bit Server VM (21.0.10+7-LTS) for windows-amd64 JRE (21.0.10+7-LTS), built on 2026-01-20T00:00:00Z by "admin" with MS VC++ 17.12 (VS2022)

END.
