#
# There is insufficient memory for the Java Runtime Environment to continue.
# Native memory allocation (malloc) failed to allocate 78160 bytes. Error detail: Chunk::new
# Possible reasons:
#   The system is out of physical RAM or swap space
#   This process is running with CompressedOops enabled, and the Java Heap may be blocking the growth of the native heap
# Possible solutions:
#   Reduce memory load on the system
#   Increase physical memory or swap space
#   Check if swap backing store is full
#   Decrease Java heap size (-Xmx/-Xms)
#   Decrease number of Java threads
#   Decrease Java thread stack sizes (-Xss)
#   Set larger code cache with -XX:ReservedCodeCacheSize=
#   JVM is running with Unscaled Compressed Oops mode in which the Java heap is
#     placed in the first 4GB address space. The Java Heap base address is the
#     maximum limit for the native heap growth. Please use -XX:HeapBaseMinAddress
#     to set the Java Heap base and to place the Java Heap above 4GB virtual address.
# This output file may be truncated or incomplete.
#
#  Out of Memory Error (arena.cpp:168), pid=7668, tid=23104
#
# JRE version: OpenJDK Runtime Environment Temurin-21.0.10+7 (21.0.10+7) (build 21.0.10+7-LTS)
# Java VM: OpenJDK 64-Bit Server VM Temurin-21.0.10+7 (21.0.10+7-LTS, mixed mode, sharing, tiered, compressed oops, compressed class ptrs, parallel gc, windows-amd64)
# No core dump will be written. Minidumps are not enabled by default on client versions of Windows
#

---------------  S U M M A R Y ------------

Command Line: --add-modules=ALL-SYSTEM --add-opens=java.base/java.util=ALL-UNNAMED --add-opens=java.base/java.lang=ALL-UNNAMED --add-opens=java.base/sun.nio.fs=ALL-UNNAMED -Declipse.application=org.eclipse.jdt.ls.core.id1 -Dosgi.bundles.defaultStartLevel=4 -Declipse.product=org.eclipse.jdt.ls.core.product -Djava.import.generatesMetadataFilesAtProjectRoot=false -DDetectVMInstallationsJob.disabled=true -Dfile.encoding=utf8 -XX:+UseParallelGC -XX:GCTimeRatio=4 -XX:AdaptiveSizePolicyWeight=90 -Dsun.zip.disableMemoryMapping=true -Xmx2G -Xms100m -Xlog:disable -javaagent:c:\Users\prajwal\.antigravity\extensions\redhat.java-1.54.0-win32-x64\lombok\lombok-1.18.39-4050.jar -XX:+HeapDumpOnOutOfMemoryError -XX:HeapDumpPath=c:\Users\prajwal\AppData\Roaming\Antigravity\User\workspaceStorage\ff6c43848e3ac9058189ba5a194a0164\redhat.java -Daether.dependencyCollector.impl=bf c:\Users\prajwal\.antigravity\extensions\redhat.java-1.54.0-win32-x64\server\plugins\org.eclipse.equinox.launcher_1.7.100.v20251111-0406.jar -configuration c:\Users\prajwal\AppData\Roaming\Antigravity\User\globalStorage\redhat.java\1.54.0\config_win -data c:\Users\prajwal\AppData\Roaming\Antigravity\User\workspaceStorage\ff6c43848e3ac9058189ba5a194a0164\redhat.java\jdt_ws --pipe=\\.\pipe\lsp-fce7fd219013954d8b9b5d63794e8f37-sock

Host: AMD Ryzen 5 5625U with Radeon Graphics         , 12 cores, 7G,  Windows 11 , 64 bit Build 26100 (10.0.26100.8246)
Time: Tue May  5 21:08:33 2026 India Standard Time elapsed time: 13.619624 seconds (0d 0h 0m 13s)

---------------  T H R E A D  ---------------

Current thread (0x00000220283a2bb0):  JavaThread "C2 CompilerThread0" daemon [_thread_in_native, id=23104, stack(0x0000003d11600000,0x0000003d11700000) (1024K)]


Current CompileTask:
C2:13654 4452 %     4       java.util.zip.ZipFile$Source::initCEN @ 261 (612 bytes)

Stack: [0x0000003d11600000,0x0000003d11700000]
Native frames: (J=compiled Java code, j=interpreted, Vv=VM code, C=native code)
V  [jvm.dll+0x6d7a39]
V  [jvm.dll+0x8b4b26]
V  [jvm.dll+0x8b70de]
V  [jvm.dll+0x8b77c3]
V  [jvm.dll+0x284346]
V  [jvm.dll+0xc66ed]
V  [jvm.dll+0xc6c31]
V  [jvm.dll+0x14214f]
V  [jvm.dll+0x660452]
V  [jvm.dll+0x664946]
V  [jvm.dll+0x24c3db]
V  [jvm.dll+0x24bb40]
V  [jvm.dll+0x1cb34e]
V  [jvm.dll+0x25b85d]
V  [jvm.dll+0x259dea]
V  [jvm.dll+0x3f857e]
V  [jvm.dll+0x85f59d]
V  [jvm.dll+0x6d626d]
C  [ucrtbase.dll+0x37b0]
C  [KERNEL32.DLL+0x2e8d7]
C  [ntdll.dll+0x8c3fc]


---------------  P R O C E S S  ---------------

Threads class SMR info:
_java_thread_list=0x0000022089783870, length=23, elements={
0x00000220282f1220, 0x00000220283983d0, 0x0000022040a7e0e0, 0x000002202839d960,
0x000002202839e620, 0x000002202839f300, 0x000002202839fd60, 0x00000220283a2bb0,
0x0000022082f14ee0, 0x0000022083078d70, 0x000002208314c2d0, 0x000002208898f390,
0x0000022088738cd0, 0x00000220887acc40, 0x0000022088733730, 0x0000022088d87b40,
0x00000220891a1ab0, 0x0000022082fd2980, 0x00000220887305a0, 0x000002208872e4d0,
0x000002208872eb60, 0x000002208872f1f0, 0x000002208872ff10
}

Java Threads: ( => current thread )
  0x00000220282f1220 JavaThread "main"                              [_thread_blocked, id=25232, stack(0x0000003d10c00000,0x0000003d10d00000) (1024K)]
  0x00000220283983d0 JavaThread "Reference Handler"          daemon [_thread_blocked, id=12752, stack(0x0000003d11000000,0x0000003d11100000) (1024K)]
  0x0000022040a7e0e0 JavaThread "Finalizer"                  daemon [_thread_blocked, id=12952, stack(0x0000003d11100000,0x0000003d11200000) (1024K)]
  0x000002202839d960 JavaThread "Signal Dispatcher"          daemon [_thread_blocked, id=2520, stack(0x0000003d11200000,0x0000003d11300000) (1024K)]
  0x000002202839e620 JavaThread "Attach Listener"            daemon [_thread_blocked, id=25368, stack(0x0000003d11300000,0x0000003d11400000) (1024K)]
  0x000002202839f300 JavaThread "Service Thread"             daemon [_thread_blocked, id=26956, stack(0x0000003d11400000,0x0000003d11500000) (1024K)]
  0x000002202839fd60 JavaThread "Monitor Deflation Thread"   daemon [_thread_blocked, id=7608, stack(0x0000003d11500000,0x0000003d11600000) (1024K)]
=>0x00000220283a2bb0 JavaThread "C2 CompilerThread0"         daemon [_thread_in_native, id=23104, stack(0x0000003d11600000,0x0000003d11700000) (1024K)]
  0x0000022082f14ee0 JavaThread "C1 CompilerThread0"         daemon [_thread_blocked, id=27608, stack(0x0000003d11700000,0x0000003d11800000) (1024K)]
  0x0000022083078d70 JavaThread "Common-Cleaner"             daemon [_thread_blocked, id=21848, stack(0x0000003d11800000,0x0000003d11900000) (1024K)]
  0x000002208314c2d0 JavaThread "Notification Thread"        daemon [_thread_blocked, id=28464, stack(0x0000003d11a00000,0x0000003d11b00000) (1024K)]
  0x000002208898f390 JavaThread "Active Thread: Equinox Container: 4dd5fd82-988f-4b7d-b6ed-e5a4603b45fe"        [_thread_blocked, id=27244, stack(0x0000003d11900000,0x0000003d11a00000) (1024K)]
  0x0000022088738cd0 JavaThread "Refresh Thread: Equinox Container: 4dd5fd82-988f-4b7d-b6ed-e5a4603b45fe" daemon [_thread_blocked, id=13980, stack(0x0000003d12200000,0x0000003d12300000) (1024K)]
  0x00000220887acc40 JavaThread "Framework Event Dispatcher: Equinox Container: 4dd5fd82-988f-4b7d-b6ed-e5a4603b45fe" daemon [_thread_blocked, id=25932, stack(0x0000003d12300000,0x0000003d12400000) (1024K)]
  0x0000022088733730 JavaThread "Start Level: Equinox Container: 4dd5fd82-988f-4b7d-b6ed-e5a4603b45fe" daemon [_thread_in_native, id=27968, stack(0x0000003d12400000,0x0000003d12500000) (1024K)]
  0x0000022088d87b40 JavaThread "Bundle File Closer"         daemon [_thread_blocked, id=420, stack(0x0000003d12700000,0x0000003d12800000) (1024K)]
  0x00000220891a1ab0 JavaThread "SCR Component Actor"        daemon [_thread_blocked, id=4640, stack(0x0000003d12800000,0x0000003d12900000) (1024K)]
  0x0000022082fd2980 JavaThread "Worker-JM"                         [_thread_blocked, id=8040, stack(0x0000003d12900000,0x0000003d12a00000) (1024K)]
  0x00000220887305a0 JavaThread "Worker-0: Repository registry initialization"        [_thread_in_native, id=12664, stack(0x0000003d12a00000,0x0000003d12b00000) (1024K)]
  0x000002208872e4d0 JavaThread "Worker-1: Updating Maven Dependencies"        [_thread_blocked, id=24544, stack(0x0000003d12b00000,0x0000003d12c00000) (1024K)]
  0x000002208872eb60 JavaThread "Worker-2"                          [_thread_blocked, id=12836, stack(0x0000003d12c00000,0x0000003d12d00000) (1024K)]
  0x000002208872f1f0 JavaThread "Worker-3"                          [_thread_blocked, id=26272, stack(0x0000003d12d00000,0x0000003d12e00000) (1024K)]
  0x000002208872ff10 JavaThread "Java indexing"              daemon [_thread_blocked, id=28512, stack(0x0000003d12e00000,0x0000003d12f00000) (1024K)]
Total: 23

Other Threads:
  0x00000220283938e0 VMThread "VM Thread"                           [id=7116, stack(0x0000003d10f00000,0x0000003d11000000) (1024K)]
  0x000002204095ca00 WatcherThread "VM Periodic Task Thread"        [id=12984, stack(0x0000003d10e00000,0x0000003d10f00000) (1024K)]
  0x000002202830fa70 WorkerThread "GC Thread#0"                     [id=21276, stack(0x0000003d10d00000,0x0000003d10e00000) (1024K)]
  0x0000022088186fd0 WorkerThread "GC Thread#1"                     [id=24728, stack(0x0000003d11b00000,0x0000003d11c00000) (1024K)]
  0x0000022088187380 WorkerThread "GC Thread#2"                     [id=1988, stack(0x0000003d11c00000,0x0000003d11d00000) (1024K)]
  0x00000220887fd9a0 WorkerThread "GC Thread#3"                     [id=7660, stack(0x0000003d11d00000,0x0000003d11e00000) (1024K)]
  0x00000220887fdd50 WorkerThread "GC Thread#4"                     [id=7652, stack(0x0000003d11e00000,0x0000003d11f00000) (1024K)]
  0x0000022088494e40 WorkerThread "GC Thread#5"                     [id=14376, stack(0x0000003d11f00000,0x0000003d12000000) (1024K)]
  0x00000220884951f0 WorkerThread "GC Thread#6"                     [id=6464, stack(0x0000003d12000000,0x0000003d12100000) (1024K)]
  0x000002208866dbc0 WorkerThread "GC Thread#7"                     [id=25456, stack(0x0000003d12100000,0x0000003d12200000) (1024K)]
  0x0000022088a762f0 WorkerThread "GC Thread#8"                     [id=25372, stack(0x0000003d12500000,0x0000003d12600000) (1024K)]
  0x0000022088a766a0 WorkerThread "GC Thread#9"                     [id=912, stack(0x0000003d12600000,0x0000003d12700000) (1024K)]
Total: 12

Threads with active compile tasks:
C2 CompilerThread0  15997 4452 %     4       java.util.zip.ZipFile$Source::initCEN @ 261 (612 bytes)
Total: 1

VM state: not at safepoint (normal execution)

VM Mutex/Monitor currently owned by a thread: None

Heap address: 0x0000000080000000, size: 2048 MB, Compressed Oops mode: 32-bit

CDS archive(s) mapped at: [0x0000022041000000-0x0000022041ba0000-0x0000022041ba0000), size 12189696, SharedBaseAddress: 0x0000022041000000, ArchiveRelocationMode: 1.
Compressed class space mapped at: 0x0000022042000000-0x0000022082000000, reserved size: 1073741824
Narrow klass base: 0x0000022041000000, Narrow klass shift: 0, Narrow klass range: 0x100000000

GC Precious Log:
 CardTable entry size: 512
 CPUs: 12 total, 12 available
 Memory: 7520M
 Large Page Support: Disabled
 NUMA Support: Disabled
 Compressed Oops: Enabled (32-bit)
 Alignments: Space 512K, Generation 512K, Heap 2M
 Heap Min Capacity: 100M
 Heap Initial Capacity: 100M
 Heap Max Capacity: 2G
 Pre-touch: Disabled
 Parallel Workers: 10

Heap:
 PSYoungGen      total 22528K, used 19327K [0x00000000d5580000, 0x00000000d7200000, 0x0000000100000000)
  eden space 22016K, 85% used [0x00000000d5580000,0x00000000d67e3098,0x00000000d6b00000)
  from space 512K, 97% used [0x00000000d7180000,0x00000000d71fcc80,0x00000000d7200000)
  to   space 2048K, 0% used [0x00000000d6e00000,0x00000000d6e00000,0x00000000d7000000)
 ParOldGen       total 68608K, used 15926K [0x0000000080000000, 0x0000000084300000, 0x00000000d5580000)
  object space 68608K, 23% used [0x0000000080000000,0x0000000080f8da18,0x0000000084300000)
 Metaspace       used 30921K, committed 31808K, reserved 1114112K
  class space    used 3183K, committed 3520K, reserved 1048576K

Card table byte_map: [0x000002203bd90000,0x000002203c1a0000] _byte_map_base: 0x000002203b990000

Marking Bits: (ParMarkBitMap*) 0x00007ffe50f73450
 Begin Bits: [0x000002203c450000, 0x000002203e450000)
 End Bits:   [0x000002203e450000, 0x0000022040450000)

Polling page: 0x0000022028060000

Metaspace:

Usage:
  Non-class:     27.09 MB used.
      Class:      3.11 MB used.
       Both:     30.20 MB used.

Virtual space:
  Non-class space:       64.00 MB reserved,      27.62 MB ( 43%) committed,  1 nodes.
      Class space:        1.00 GB reserved,       3.44 MB ( <1%) committed,  1 nodes.
             Both:        1.06 GB reserved,      31.06 MB (  3%) committed. 

Chunk freelists:
   Non-Class:  3.58 MB
       Class:  12.45 MB
        Both:  16.03 MB

MaxMetaspaceSize: unlimited
CompressedClassSpaceSize: 1.00 GB
Initial GC threshold: 21.00 MB
Current GC threshold: 35.00 MB
CDS: on
 - commit_granule_bytes: 65536.
 - commit_granule_words: 8192.
 - virtual_space_node_default_size: 8388608.
 - enlarge_chunks_in_place: 1.
 - use_allocation_guard: 0.


Internal statistics:

num_allocs_failed_limit: 3.
num_arena_births: 696.
num_arena_deaths: 14.
num_vsnodes_births: 2.
num_vsnodes_deaths: 0.
num_space_committed: 498.
num_space_uncommitted: 0.
num_chunks_returned_to_freelist: 17.
num_chunks_taken_from_freelist: 2003.
num_chunk_merges: 7.
num_chunk_splits: 1268.
num_chunks_enlarged: 752.
num_inconsistent_stats: 0.

CodeHeap 'non-profiled nmethods': size=120000Kb used=1983Kb max_used=1983Kb free=118016Kb
 bounds [0x0000022034680000, 0x00000220348f0000, 0x000002203bbb0000]
CodeHeap 'profiled nmethods': size=120000Kb used=9931Kb max_used=9931Kb free=110068Kb
 bounds [0x000002202cbb0000, 0x000002202d570000, 0x00000220340e0000]
CodeHeap 'non-nmethods': size=5760Kb used=1324Kb max_used=1361Kb free=4436Kb
 bounds [0x00000220340e0000, 0x0000022034350000, 0x0000022034680000]
CodeCache: size=245760Kb, used=13238Kb, max_used=13275Kb, free=232520Kb
 total_blobs=5193, nmethods=4580, adapters=519, full_count=0
Compilation: enabled, stopped_count=0, restarted_count=0

Compilation events (20 events):
Event: 13.167 Thread 0x0000022082f14ee0 nmethod 4461 0x000002202d4fb210 code [0x000002202d4fb400, 0x000002202d4fb880]
Event: 13.167 Thread 0x0000022082f14ee0 4462       3       sun.reflect.annotation.AnnotationType::getInstance (65 bytes)
Event: 13.168 Thread 0x0000022082f14ee0 nmethod 4462 0x000002202d4fba10 code [0x000002202d4fbc20, 0x000002202d4fc1a0]
Event: 13.168 Thread 0x0000022082f14ee0 4463       3       java.lang.System$2::getAnnotationType (5 bytes)
Event: 13.168 Thread 0x0000022082f14ee0 nmethod 4463 0x000002202d4fc490 code [0x000002202d4fc620, 0x000002202d4fc750]
Event: 13.168 Thread 0x0000022082f14ee0 4464       3       com.google.common.collect.RegularImmutableMap::get (64 bytes)
Event: 13.169 Thread 0x0000022082f14ee0 nmethod 4464 0x000002202d4fc810 code [0x000002202d4fca40, 0x000002202d4fd090]
Event: 13.169 Thread 0x0000022082f14ee0 4465       1       sun.reflect.annotation.AnnotationType::memberTypes (5 bytes)
Event: 13.169 Thread 0x0000022082f14ee0 nmethod 4465 0x000002203486eb90 code [0x000002203486ed20, 0x000002203486ede8]
Event: 13.169 Thread 0x0000022082f14ee0 4466       1       sun.reflect.annotation.AnnotationType::memberDefaults (5 bytes)
Event: 13.169 Thread 0x0000022082f14ee0 nmethod 4466 0x000002203486ee90 code [0x000002203486f020, 0x000002203486f0e8]
Event: 13.169 Thread 0x0000022082f14ee0 4467       1       sun.reflect.annotation.AnnotationType::retention (5 bytes)
Event: 13.169 Thread 0x0000022082f14ee0 nmethod 4467 0x000002203486f190 code [0x000002203486f320, 0x000002203486f3e8]
Event: 13.170 Thread 0x0000022082f14ee0 4468       3       com.google.inject.internal.UntargettedBindingImpl::<init> (8 bytes)
Event: 13.170 Thread 0x0000022082f14ee0 nmethod 4468 0x000002202d4fd310 code [0x000002202d4fd4c0, 0x000002202d4fd6f0]
Event: 13.171 Thread 0x0000022082f14ee0 4469       3       com.google.inject.Key::<init> (29 bytes)
Event: 13.171 Thread 0x0000022082f14ee0 nmethod 4469 0x000002202d4fd810 code [0x000002202d4fda00, 0x000002202d4fde40]
Event: 13.172 Thread 0x0000022082f14ee0 4470       3       java.lang.ClassLoader::createOrGetClassLoaderValueMap (37 bytes)
Event: 13.172 Thread 0x0000022082f14ee0 nmethod 4470 0x000002202d4fe010 code [0x000002202d4fe1e0, 0x000002202d4fe540]
Event: 13.173 Thread 0x0000022082f14ee0 4471       3       com.google.inject.spi.Elements$RecordingBinder::getElementSource (134 bytes)

GC Heap History (20 events):
Event: 4.859 GC heap before
{Heap before GC invocations=4 (full 0):
 PSYoungGen      total 29696K, used 29674K [0x00000000d5580000, 0x00000000d7680000, 0x0000000100000000)
  eden space 25600K, 100% used [0x00000000d5580000,0x00000000d6e80000,0x00000000d6e80000)
  from space 4096K, 99% used [0x00000000d6e80000,0x00000000d727a958,0x00000000d7280000)
  to   space 4096K, 0% used [0x00000000d7280000,0x00000000d7280000,0x00000000d7680000)
 ParOldGen       total 68608K, used 4912K [0x0000000080000000, 0x0000000084300000, 0x00000000d5580000)
  object space 68608K, 7% used [0x0000000080000000,0x00000000804cc350,0x0000000084300000)
 Metaspace       used 11766K, committed 12224K, reserved 1114112K
  class space    used 1250K, committed 1472K, reserved 1048576K
}
Event: 4.866 GC heap after
{Heap after GC invocations=4 (full 0):
 PSYoungGen      total 29696K, used 4091K [0x00000000d5580000, 0x00000000d7680000, 0x0000000100000000)
  eden space 25600K, 0% used [0x00000000d5580000,0x00000000d5580000,0x00000000d6e80000)
  from space 4096K, 99% used [0x00000000d7280000,0x00000000d767ed10,0x00000000d7680000)
  to   space 4096K, 0% used [0x00000000d6e80000,0x00000000d6e80000,0x00000000d7280000)
 ParOldGen       total 68608K, used 6393K [0x0000000080000000, 0x0000000084300000, 0x00000000d5580000)
  object space 68608K, 9% used [0x0000000080000000,0x000000008063e618,0x0000000084300000)
 Metaspace       used 11766K, committed 12224K, reserved 1114112K
  class space    used 1250K, committed 1472K, reserved 1048576K
}
Event: 6.024 GC heap before
{Heap before GC invocations=5 (full 0):
 PSYoungGen      total 29696K, used 29691K [0x00000000d5580000, 0x00000000d7680000, 0x0000000100000000)
  eden space 25600K, 100% used [0x00000000d5580000,0x00000000d6e80000,0x00000000d6e80000)
  from space 4096K, 99% used [0x00000000d7280000,0x00000000d767ed10,0x00000000d7680000)
  to   space 4096K, 0% used [0x00000000d6e80000,0x00000000d6e80000,0x00000000d7280000)
 ParOldGen       total 68608K, used 6393K [0x0000000080000000, 0x0000000084300000, 0x00000000d5580000)
  object space 68608K, 9% used [0x0000000080000000,0x000000008063e618,0x0000000084300000)
 Metaspace       used 14925K, committed 15424K, reserved 1114112K
  class space    used 1529K, committed 1728K, reserved 1048576K
}
Event: 6.030 GC heap after
{Heap after GC invocations=5 (full 0):
 PSYoungGen      total 29184K, used 4077K [0x00000000d5580000, 0x00000000d7900000, 0x0000000100000000)
  eden space 25088K, 0% used [0x00000000d5580000,0x00000000d5580000,0x00000000d6e00000)
  from space 4096K, 99% used [0x00000000d6e80000,0x00000000d727b448,0x00000000d7280000)
  to   space 5632K, 0% used [0x00000000d7380000,0x00000000d7380000,0x00000000d7900000)
 ParOldGen       total 68608K, used 7733K [0x0000000080000000, 0x0000000084300000, 0x00000000d5580000)
  object space 68608K, 11% used [0x0000000080000000,0x000000008078d768,0x0000000084300000)
 Metaspace       used 14925K, committed 15424K, reserved 1114112K
  class space    used 1529K, committed 1728K, reserved 1048576K
}
Event: 6.902 GC heap before
{Heap before GC invocations=6 (full 0):
 PSYoungGen      total 29184K, used 29165K [0x00000000d5580000, 0x00000000d7900000, 0x0000000100000000)
  eden space 25088K, 100% used [0x00000000d5580000,0x00000000d6e00000,0x00000000d6e00000)
  from space 4096K, 99% used [0x00000000d6e80000,0x00000000d727b448,0x00000000d7280000)
  to   space 5632K, 0% used [0x00000000d7380000,0x00000000d7380000,0x00000000d7900000)
 ParOldGen       total 68608K, used 7733K [0x0000000080000000, 0x0000000084300000, 0x00000000d5580000)
  object space 68608K, 11% used [0x0000000080000000,0x000000008078d768,0x0000000084300000)
 Metaspace       used 17890K, committed 18624K, reserved 1114112K
  class space    used 1853K, committed 2176K, reserved 1048576K
}
Event: 6.906 GC heap after
{Heap after GC invocations=6 (full 0):
 PSYoungGen      total 29696K, used 4633K [0x00000000d5580000, 0x00000000d7880000, 0x0000000100000000)
  eden space 24576K, 0% used [0x00000000d5580000,0x00000000d5580000,0x00000000d6d80000)
  from space 5120K, 90% used [0x00000000d7380000,0x00000000d7806770,0x00000000d7880000)
  to   space 5120K, 0% used [0x00000000d6e80000,0x00000000d6e80000,0x00000000d7380000)
 ParOldGen       total 68608K, used 7741K [0x0000000080000000, 0x0000000084300000, 0x00000000d5580000)
  object space 68608K, 11% used [0x0000000080000000,0x000000008078f768,0x0000000084300000)
 Metaspace       used 17890K, committed 18624K, reserved 1114112K
  class space    used 1853K, committed 2176K, reserved 1048576K
}
Event: 7.562 GC heap before
{Heap before GC invocations=7 (full 0):
 PSYoungGen      total 29696K, used 29209K [0x00000000d5580000, 0x00000000d7880000, 0x0000000100000000)
  eden space 24576K, 100% used [0x00000000d5580000,0x00000000d6d80000,0x00000000d6d80000)
  from space 5120K, 90% used [0x00000000d7380000,0x00000000d7806770,0x00000000d7880000)
  to   space 5120K, 0% used [0x00000000d6e80000,0x00000000d6e80000,0x00000000d7380000)
 ParOldGen       total 68608K, used 7741K [0x0000000080000000, 0x0000000084300000, 0x00000000d5580000)
  object space 68608K, 11% used [0x0000000080000000,0x000000008078f768,0x0000000084300000)
 Metaspace       used 20787K, committed 21504K, reserved 1114112K
  class space    used 2150K, committed 2432K, reserved 1048576K
}
Event: 7.577 GC heap after
{Heap after GC invocations=7 (full 0):
 PSYoungGen      total 28672K, used 4309K [0x00000000d5580000, 0x00000000d7600000, 0x0000000100000000)
  eden space 24064K, 0% used [0x00000000d5580000,0x00000000d5580000,0x00000000d6d00000)
  from space 4608K, 93% used [0x00000000d6e80000,0x00000000d72b57d8,0x00000000d7300000)
  to   space 3072K, 0% used [0x00000000d7300000,0x00000000d7300000,0x00000000d7600000)
 ParOldGen       total 68608K, used 9605K [0x0000000080000000, 0x0000000084300000, 0x00000000d5580000)
  object space 68608K, 14% used [0x0000000080000000,0x0000000080961750,0x0000000084300000)
 Metaspace       used 20787K, committed 21504K, reserved 1114112K
  class space    used 2150K, committed 2432K, reserved 1048576K
}
Event: 7.578 GC heap before
{Heap before GC invocations=8 (full 0):
 PSYoungGen      total 28672K, used 4776K [0x00000000d5580000, 0x00000000d7600000, 0x0000000100000000)
  eden space 24064K, 1% used [0x00000000d5580000,0x00000000d55f4a78,0x00000000d6d00000)
  from space 4608K, 93% used [0x00000000d6e80000,0x00000000d72b57d8,0x00000000d7300000)
  to   space 3072K, 0% used [0x00000000d7300000,0x00000000d7300000,0x00000000d7600000)
 ParOldGen       total 68608K, used 9605K [0x0000000080000000, 0x0000000084300000, 0x00000000d5580000)
  object space 68608K, 14% used [0x0000000080000000,0x0000000080961750,0x0000000084300000)
 Metaspace       used 20795K, committed 21504K, reserved 1114112K
  class space    used 2150K, committed 2432K, reserved 1048576K
}
Event: 7.580 GC heap after
{Heap after GC invocations=8 (full 0):
 PSYoungGen      total 27136K, used 3065K [0x00000000d5580000, 0x00000000d7600000, 0x0000000100000000)
  eden space 24064K, 0% used [0x00000000d5580000,0x00000000d5580000,0x00000000d6d00000)
  from space 3072K, 99% used [0x00000000d7300000,0x00000000d75fe7d8,0x00000000d7600000)
  to   space 4608K, 0% used [0x00000000d6d00000,0x00000000d6d00000,0x00000000d7180000)
 ParOldGen       total 68608K, used 10754K [0x0000000080000000, 0x0000000084300000, 0x00000000d5580000)
  object space 68608K, 15% used [0x0000000080000000,0x0000000080a80a08,0x0000000084300000)
 Metaspace       used 20795K, committed 21504K, reserved 1114112K
  class space    used 2150K, committed 2432K, reserved 1048576K
}
Event: 7.580 GC heap before
{Heap before GC invocations=9 (full 1):
 PSYoungGen      total 27136K, used 3065K [0x00000000d5580000, 0x00000000d7600000, 0x0000000100000000)
  eden space 24064K, 0% used [0x00000000d5580000,0x00000000d5580000,0x00000000d6d00000)
  from space 3072K, 99% used [0x00000000d7300000,0x00000000d75fe7d8,0x00000000d7600000)
  to   space 4608K, 0% used [0x00000000d6d00000,0x00000000d6d00000,0x00000000d7180000)
 ParOldGen       total 68608K, used 10754K [0x0000000080000000, 0x0000000084300000, 0x00000000d5580000)
  object space 68608K, 15% used [0x0000000080000000,0x0000000080a80a08,0x0000000084300000)
 Metaspace       used 20795K, committed 21504K, reserved 1114112K
  class space    used 2150K, committed 2432K, reserved 1048576K
}
Event: 7.648 GC heap after
{Heap after GC invocations=9 (full 1):
 PSYoungGen      total 27136K, used 0K [0x00000000d5580000, 0x00000000d7600000, 0x0000000100000000)
  eden space 24064K, 0% used [0x00000000d5580000,0x00000000d5580000,0x00000000d6d00000)
  from space 3072K, 0% used [0x00000000d7300000,0x00000000d7300000,0x00000000d7600000)
  to   space 4608K, 0% used [0x00000000d6d00000,0x00000000d6d00000,0x00000000d7180000)
 ParOldGen       total 68608K, used 13263K [0x0000000080000000, 0x0000000084300000, 0x00000000d5580000)
  object space 68608K, 19% used [0x0000000080000000,0x0000000080cf3e90,0x0000000084300000)
 Metaspace       used 20783K, committed 21504K, reserved 1114112K
  class space    used 2147K, committed 2432K, reserved 1048576K
}
Event: 11.117 GC heap before
{Heap before GC invocations=10 (full 1):
 PSYoungGen      total 27136K, used 24064K [0x00000000d5580000, 0x00000000d7600000, 0x0000000100000000)
  eden space 24064K, 100% used [0x00000000d5580000,0x00000000d6d00000,0x00000000d6d00000)
  from space 3072K, 0% used [0x00000000d7300000,0x00000000d7300000,0x00000000d7600000)
  to   space 4608K, 0% used [0x00000000d6d00000,0x00000000d6d00000,0x00000000d7180000)
 ParOldGen       total 68608K, used 13263K [0x0000000080000000, 0x0000000084300000, 0x00000000d5580000)
  object space 68608K, 19% used [0x0000000080000000,0x0000000080cf3e90,0x0000000084300000)
 Metaspace       used 23138K, committed 24000K, reserved 1114112K
  class space    used 2321K, committed 2688K, reserved 1048576K
}
Event: 11.119 GC heap after
{Heap after GC invocations=10 (full 1):
 PSYoungGen      total 28160K, used 655K [0x00000000d5580000, 0x00000000d7380000, 0x0000000100000000)
  eden space 23552K, 0% used [0x00000000d5580000,0x00000000d5580000,0x00000000d6c80000)
  from space 4608K, 14% used [0x00000000d6d00000,0x00000000d6da3c78,0x00000000d7180000)
  to   space 2048K, 0% used [0x00000000d7180000,0x00000000d7180000,0x00000000d7380000)
 ParOldGen       total 68608K, used 13271K [0x0000000080000000, 0x0000000084300000, 0x00000000d5580000)
  object space 68608K, 19% used [0x0000000080000000,0x0000000080cf5e90,0x0000000084300000)
 Metaspace       used 23138K, committed 24000K, reserved 1114112K
  class space    used 2321K, committed 2688K, reserved 1048576K
}
Event: 11.681 GC heap before
{Heap before GC invocations=11 (full 1):
 PSYoungGen      total 28160K, used 24115K [0x00000000d5580000, 0x00000000d7380000, 0x0000000100000000)
  eden space 23552K, 99% used [0x00000000d5580000,0x00000000d6c69180,0x00000000d6c80000)
  from space 4608K, 14% used [0x00000000d6d00000,0x00000000d6da3c78,0x00000000d7180000)
  to   space 2048K, 0% used [0x00000000d7180000,0x00000000d7180000,0x00000000d7380000)
 ParOldGen       total 68608K, used 13271K [0x0000000080000000, 0x0000000084300000, 0x00000000d5580000)
  object space 68608K, 19% used [0x0000000080000000,0x0000000080cf5e90,0x0000000084300000)
 Metaspace       used 26512K, committed 27456K, reserved 1114112K
  class space    used 2718K, committed 3136K, reserved 1048576K
}
Event: 11.683 GC heap after
{Heap after GC invocations=11 (full 1):
 PSYoungGen      total 24576K, used 1043K [0x00000000d5580000, 0x00000000d7300000, 0x0000000100000000)
  eden space 23040K, 0% used [0x00000000d5580000,0x00000000d5580000,0x00000000d6c00000)
  from space 1536K, 67% used [0x00000000d7180000,0x00000000d7284c60,0x00000000d7300000)
  to   space 1536K, 0% used [0x00000000d7000000,0x00000000d7000000,0x00000000d7180000)
 ParOldGen       total 68608K, used 13271K [0x0000000080000000, 0x0000000084300000, 0x00000000d5580000)
  object space 68608K, 19% used [0x0000000080000000,0x0000000080cf5e90,0x0000000084300000)
 Metaspace       used 26512K, committed 27456K, reserved 1114112K
  class space    used 2718K, committed 3136K, reserved 1048576K
}
Event: 11.979 GC heap before
{Heap before GC invocations=12 (full 1):
 PSYoungGen      total 24576K, used 24083K [0x00000000d5580000, 0x00000000d7300000, 0x0000000100000000)
  eden space 23040K, 100% used [0x00000000d5580000,0x00000000d6c00000,0x00000000d6c00000)
  from space 1536K, 67% used [0x00000000d7180000,0x00000000d7284c60,0x00000000d7300000)
  to   space 1536K, 0% used [0x00000000d7000000,0x00000000d7000000,0x00000000d7180000)
 ParOldGen       total 68608K, used 13271K [0x0000000080000000, 0x0000000084300000, 0x00000000d5580000)
  object space 68608K, 19% used [0x0000000080000000,0x0000000080cf5e90,0x0000000084300000)
 Metaspace       used 28117K, committed 28992K, reserved 1114112K
  class space    used 2851K, committed 3200K, reserved 1048576K
}
Event: 11.984 GC heap after
{Heap after GC invocations=12 (full 1):
 PSYoungGen      total 24064K, used 1435K [0x00000000d5580000, 0x00000000d7200000, 0x0000000100000000)
  eden space 22528K, 0% used [0x00000000d5580000,0x00000000d5580000,0x00000000d6b80000)
  from space 1536K, 93% used [0x00000000d7000000,0x00000000d7166da0,0x00000000d7180000)
  to   space 512K, 0% used [0x00000000d7180000,0x00000000d7180000,0x00000000d7200000)
 ParOldGen       total 68608K, used 14587K [0x0000000080000000, 0x0000000084300000, 0x00000000d5580000)
  object space 68608K, 21% used [0x0000000080000000,0x0000000080e3ecf8,0x0000000084300000)
 Metaspace       used 28117K, committed 28992K, reserved 1114112K
  class space    used 2851K, committed 3200K, reserved 1048576K
}
Event: 12.792 GC heap before
{Heap before GC invocations=13 (full 1):
 PSYoungGen      total 24064K, used 23963K [0x00000000d5580000, 0x00000000d7200000, 0x0000000100000000)
  eden space 22528K, 100% used [0x00000000d5580000,0x00000000d6b80000,0x00000000d6b80000)
  from space 1536K, 93% used [0x00000000d7000000,0x00000000d7166da0,0x00000000d7180000)
  to   space 512K, 0% used [0x00000000d7180000,0x00000000d7180000,0x00000000d7200000)
 ParOldGen       total 68608K, used 14587K [0x0000000080000000, 0x0000000084300000, 0x00000000d5580000)
  object space 68608K, 21% used [0x0000000080000000,0x0000000080e3ecf8,0x0000000084300000)
 Metaspace       used 29304K, committed 30208K, reserved 1114112K
  class space    used 2984K, committed 3328K, reserved 1048576K
}
Event: 12.808 GC heap after
{Heap after GC invocations=13 (full 1):
 PSYoungGen      total 22528K, used 499K [0x00000000d5580000, 0x00000000d7200000, 0x0000000100000000)
  eden space 22016K, 0% used [0x00000000d5580000,0x00000000d5580000,0x00000000d6b00000)
  from space 512K, 97% used [0x00000000d7180000,0x00000000d71fcc80,0x00000000d7200000)
  to   space 2048K, 0% used [0x00000000d6e00000,0x00000000d6e00000,0x00000000d7000000)
 ParOldGen       total 68608K, used 15926K [0x0000000080000000, 0x0000000084300000, 0x00000000d5580000)
  object space 68608K, 23% used [0x0000000080000000,0x0000000080f8da18,0x0000000084300000)
 Metaspace       used 29304K, committed 30208K, reserved 1114112K
  class space    used 2984K, committed 3328K, reserved 1048576K
}

Dll operation events (9 events):
Event: 0.017 Loaded shared library c:\Users\prajwal\.antigravity\extensions\redhat.java-1.54.0-win32-x64\jre\21.0.10-win32-x86_64\bin\java.dll
Event: 0.131 Loaded shared library c:\Users\prajwal\.antigravity\extensions\redhat.java-1.54.0-win32-x64\jre\21.0.10-win32-x86_64\bin\zip.dll
Event: 0.169 Loaded shared library C:\Users\prajwal\.antigravity\extensions\redhat.java-1.54.0-win32-x64\jre\21.0.10-win32-x86_64\bin\instrument.dll
Event: 0.177 Loaded shared library C:\Users\prajwal\.antigravity\extensions\redhat.java-1.54.0-win32-x64\jre\21.0.10-win32-x86_64\bin\net.dll
Event: 0.181 Loaded shared library C:\Users\prajwal\.antigravity\extensions\redhat.java-1.54.0-win32-x64\jre\21.0.10-win32-x86_64\bin\nio.dll
Event: 0.186 Loaded shared library C:\Users\prajwal\.antigravity\extensions\redhat.java-1.54.0-win32-x64\jre\21.0.10-win32-x86_64\bin\zip.dll
Event: 0.208 Loaded shared library C:\Users\prajwal\.antigravity\extensions\redhat.java-1.54.0-win32-x64\jre\21.0.10-win32-x86_64\bin\jimage.dll
Event: 0.309 Loaded shared library c:\Users\prajwal\.antigravity\extensions\redhat.java-1.54.0-win32-x64\jre\21.0.10-win32-x86_64\bin\verify.dll
Event: 1.930 Loaded shared library C:\Users\prajwal\AppData\Roaming\Antigravity\User\globalStorage\redhat.java\1.54.0\config_win\org.eclipse.equinox.launcher\org.eclipse.equinox.launcher.win32.win32.x86_64_1.3.0.v20260203-2149\eclipse_11919.dll

Deoptimization events (20 events):
Event: 12.202 Thread 0x00000220887305a0 Uncommon trap: trap_request=0xffffff45 fr.pc=0x000002203479b3d4 relative=0x0000000000000134
Event: 12.202 Thread 0x00000220887305a0 Uncommon trap: reason=unstable_if action=reinterpret pc=0x000002203479b3d4 method=java.util.ArrayList.indexOfRange(Ljava/lang/Object;II)I @ 7 c2
Event: 12.202 Thread 0x00000220887305a0 DEOPT PACKING pc=0x000002203479b3d4 sp=0x0000003d12afe450
Event: 12.202 Thread 0x00000220887305a0 DEOPT UNPACKING pc=0x0000022034133aa2 sp=0x0000003d12afe310 mode 2
Event: 12.222 Thread 0x00000220887305a0 Uncommon trap: trap_request=0xffffff45 fr.pc=0x0000022034789430 relative=0x0000000000000110
Event: 12.222 Thread 0x00000220887305a0 Uncommon trap: reason=unstable_if action=reinterpret pc=0x0000022034789430 method=java.util.ArrayList.indexOfRange(Ljava/lang/Object;II)I @ 7 c2
Event: 12.222 Thread 0x00000220887305a0 DEOPT PACKING pc=0x0000022034789430 sp=0x0000003d12afe3b0
Event: 12.222 Thread 0x00000220887305a0 DEOPT UNPACKING pc=0x0000022034133aa2 sp=0x0000003d12afe330 mode 2
Event: 12.742 Thread 0x0000022088733730 Uncommon trap: trap_request=0xffffff45 fr.pc=0x00000220347bae90 relative=0x00000000000011f0
Event: 12.742 Thread 0x0000022088733730 Uncommon trap: reason=unstable_if action=reinterpret pc=0x00000220347bae90 method=java.util.Properties.loadConvert([CIILjava/lang/StringBuilder;)Ljava/lang/String; @ 463 c2
Event: 12.742 Thread 0x0000022088733730 DEOPT PACKING pc=0x00000220347bae90 sp=0x0000003d124f7e70
Event: 12.742 Thread 0x0000022088733730 DEOPT UNPACKING pc=0x0000022034133aa2 sp=0x0000003d124f7e60 mode 2
Event: 12.743 Thread 0x0000022088733730 Uncommon trap: trap_request=0xffffff45 fr.pc=0x00000220348646dc relative=0x0000000000000adc
Event: 12.743 Thread 0x0000022088733730 Uncommon trap: reason=unstable_if action=reinterpret pc=0x00000220348646dc method=sun.nio.cs.StreamDecoder.lockedRead([CII)I @ 165 c2
Event: 12.743 Thread 0x0000022088733730 DEOPT PACKING pc=0x00000220348646dc sp=0x0000003d124f7df0
Event: 12.743 Thread 0x0000022088733730 DEOPT UNPACKING pc=0x0000022034133aa2 sp=0x0000003d124f7d00 mode 2
Event: 12.856 Thread 0x0000022088733730 DEOPT PACKING pc=0x000002202d06f514 sp=0x0000003d124fa630
Event: 12.856 Thread 0x0000022088733730 DEOPT UNPACKING pc=0x0000022034134242 sp=0x0000003d124f9b80 mode 0
Event: 12.856 Thread 0x0000022088733730 DEOPT PACKING pc=0x000002202d032c64 sp=0x0000003d124fa9c0
Event: 12.856 Thread 0x0000022088733730 DEOPT UNPACKING pc=0x0000022034134242 sp=0x0000003d124f9f58 mode 0

Classes loaded (20 events):
Event: 11.692 Loading class java/lang/annotation/Documented
Event: 11.694 Loading class java/lang/annotation/Documented done
Event: 11.786 Loading class java/lang/reflect/ParameterizedType
Event: 11.787 Loading class java/lang/reflect/ParameterizedType done
Event: 11.793 Loading class java/lang/reflect/WildcardType
Event: 11.795 Loading class java/lang/reflect/WildcardType done
Event: 11.800 Loading class sun/reflect/generics/tree/TypeVariableSignature
Event: 11.806 Loading class sun/reflect/generics/tree/TypeVariableSignature done
Event: 11.845 Loading class java/lang/Deprecated
Event: 11.858 Loading class java/lang/Deprecated done
Event: 12.014 Loading class java/lang/annotation/IncompleteAnnotationException
Event: 12.083 Loading class java/lang/annotation/IncompleteAnnotationException done
Event: 12.347 Loading class java/lang/foreign/MemorySegment
Event: 12.348 Loading class java/lang/foreign/MemorySegment done
Event: 12.464 Loading class sun/reflect/generics/reflectiveObjects/TypeVariableImpl
Event: 12.465 Loading class sun/reflect/generics/reflectiveObjects/LazyReflectiveObjectGenerator
Event: 12.465 Loading class sun/reflect/generics/reflectiveObjects/LazyReflectiveObjectGenerator done
Event: 12.465 Loading class sun/reflect/generics/reflectiveObjects/TypeVariableImpl done
Event: 12.465 Loading class sun/reflect/generics/reflectiveObjects/ParameterizedTypeImpl
Event: 12.465 Loading class sun/reflect/generics/reflectiveObjects/ParameterizedTypeImpl done

Classes unloaded (7 events):
Event: 7.584 Thread 0x00000220283938e0 Unloading class 0x00000220421ac800 'java/lang/invoke/LambdaForm$MH+0x00000220421ac800'
Event: 7.584 Thread 0x00000220283938e0 Unloading class 0x00000220421ac400 'java/lang/invoke/LambdaForm$MH+0x00000220421ac400'
Event: 7.584 Thread 0x00000220283938e0 Unloading class 0x00000220421ac000 'java/lang/invoke/LambdaForm$MH+0x00000220421ac000'
Event: 7.584 Thread 0x00000220283938e0 Unloading class 0x00000220421abc00 'java/lang/invoke/LambdaForm$MH+0x00000220421abc00'
Event: 7.584 Thread 0x00000220283938e0 Unloading class 0x00000220421ab800 'java/lang/invoke/LambdaForm$BMH+0x00000220421ab800'
Event: 7.584 Thread 0x00000220283938e0 Unloading class 0x00000220421ab400 'java/lang/invoke/LambdaForm$DMH+0x00000220421ab400'
Event: 7.584 Thread 0x00000220283938e0 Unloading class 0x00000220421aa000 'java/lang/invoke/LambdaForm$DMH+0x00000220421aa000'

Classes redefined (0 events):
No events

Internal exceptions (20 events):
Event: 7.401 Thread 0x0000022088733730 Exception <a 'java/lang/NoSuchMethodError'{0x00000000d69381b0}: 'double java.lang.invoke.DirectMethodHandle$Holder.invokeStatic(java.lang.Object, java.lang.Object)'> (0x00000000d69381b0) 
thrown [s\src\hotspot\share\interpreter\linkResolver.cpp, line 773]
Event: 7.402 Thread 0x0000022088733730 Exception <a 'java/lang/NoSuchMethodError'{0x00000000d693b870}: 'double java.lang.invoke.DirectMethodHandle$Holder.invokeStaticInit(java.lang.Object, java.lang.Object)'> (0x00000000d693b870) 
thrown [s\src\hotspot\share\interpreter\linkResolver.cpp, line 773]
Event: 9.402 Thread 0x00000220887305a0 Exception <a 'java/lang/NoSuchMethodError'{0x00000000d62a79a0}: 'java.lang.Object java.lang.invoke.DirectMethodHandle$Holder.invokeStaticInit(java.lang.Object, java.lang.Object, java.lang.Object, java.lang.Object, java.lang.Object, java.lang.Object, java.lang.Object)'> (0x00000000d62a79a0) 
thrown [s\src\hotspot\share\interpreter\linkResolver.cpp, line 773]
Event: 9.403 Thread 0x00000220887305a0 Exception <a 'java/lang/NoSuchMethodError'{0x00000000d62ac2e8}: 'java.lang.Object java.lang.invoke.Invokers$Holder.invoke_MT(java.lang.Object, java.lang.Object, java.lang.Object, java.lang.Object, java.lang.Object, java.lang.Object, java.lang.Object, java.lang.Object, java.lang.Object)'> (0x00000000d62ac2e8) 
thrown [s\src\hotspot\share\interpreter\linkResolver.cpp, line 773]
Event: 9.640 Thread 0x00000220887305a0 Exception <a 'java/lang/NoSuchMethodError'{0x00000000d63718d0}: 'int java.lang.invoke.DirectMethodHandle$Holder.invokeVirtual(java.lang.Object, java.lang.Object, java.lang.Object)'> (0x00000000d63718d0) 
thrown [s\src\hotspot\share\interpreter\linkResolver.cpp, line 773]
Event: 9.640 Thread 0x00000220887305a0 Exception <a 'java/lang/NoSuchMethodError'{0x00000000d6375908}: 'int java.lang.invoke.DirectMethodHandle$Holder.invokeStaticInit(java.lang.Object, int, int)'> (0x00000000d6375908) 
thrown [s\src\hotspot\share\interpreter\linkResolver.cpp, line 773]
Event: 9.640 Thread 0x00000220887305a0 Exception <a 'java/lang/NoSuchMethodError'{0x00000000d637cda8}: 'int java.lang.invoke.DirectMethodHandle$Holder.invokeStaticInit(java.lang.Object, long, long)'> (0x00000000d637cda8) 
thrown [s\src\hotspot\share\interpreter\linkResolver.cpp, line 773]
Event: 9.641 Thread 0x00000220887305a0 Exception <a 'java/lang/NoSuchMethodError'{0x00000000d6383590}: 'int java.lang.invoke.DirectMethodHandle$Holder.invokeStaticInit(java.lang.Object, float, float)'> (0x00000000d6383590) 
thrown [s\src\hotspot\share\interpreter\linkResolver.cpp, line 773]
Event: 9.641 Thread 0x00000220887305a0 Exception <a 'java/lang/NoSuchMethodError'{0x00000000d6389fc8}: 'int java.lang.invoke.DirectMethodHandle$Holder.invokeStaticInit(java.lang.Object, double, double)'> (0x00000000d6389fc8) 
thrown [s\src\hotspot\share\interpreter\linkResolver.cpp, line 773]
Event: 9.642 Thread 0x00000220887305a0 Exception <a 'java/lang/NoSuchMethodError'{0x00000000d638e280}: 'int java.lang.invoke.DirectMethodHandle$Holder.invokeStatic(java.lang.Object, long)'> (0x00000000d638e280) 
thrown [s\src\hotspot\share\interpreter\linkResolver.cpp, line 773]
Event: 9.644 Thread 0x00000220887305a0 Exception <a 'java/lang/NoSuchMethodError'{0x00000000d63aceb8}: 'int java.lang.invoke.Invokers$Holder.linkToTargetMethod(java.lang.Object, java.lang.Object)'> (0x00000000d63aceb8) 
thrown [s\src\hotspot\share\interpreter\linkResolver.cpp, line 773]
Event: 10.065 Thread 0x000002208872e4d0 Exception <a 'java/lang/NoSuchMethodError'{0x00000000d6589830}: 'int java.lang.invoke.DirectMethodHandle$Holder.invokeSpecial(java.lang.Object, java.lang.Object, java.lang.Object, java.lang.Object)'> (0x00000000d6589830) 
thrown [s\src\hotspot\share\interpreter\linkResolver.cpp, line 773]
Event: 10.066 Thread 0x000002208872e4d0 Exception <a 'java/lang/NoSuchMethodError'{0x00000000d6597218}: 'java.lang.Object java.lang.invoke.DirectMethodHandle$Holder.invokeStatic(java.lang.Object, int, java.lang.Object, java.lang.Object)'> (0x00000000d6597218) 
thrown [s\src\hotspot\share\interpreter\linkResolver.cpp, line 773]
Event: 10.067 Thread 0x000002208872e4d0 Exception <a 'java/lang/NoSuchMethodError'{0x00000000d659a9f8}: 'java.lang.Object java.lang.invoke.DelegatingMethodHandle$Holder.delegate(java.lang.Object, int, java.lang.Object, java.lang.Object)'> (0x00000000d659a9f8) 
thrown [s\src\hotspot\share\interpreter\linkResolver.cpp, line 773]
Event: 10.096 Thread 0x000002208872e4d0 Exception <a 'java/lang/NoSuchMethodError'{0x00000000d65c5ce0}: 'int java.lang.invoke.Invokers$Holder.linkToTargetMethod(java.lang.Object, java.lang.Object, java.lang.Object)'> (0x00000000d65c5ce0) 
thrown [s\src\hotspot\share\interpreter\linkResolver.cpp, line 773]
Event: 10.618 Thread 0x00000220887305a0 Exception <a 'java/lang/NoSuchMethodError'{0x00000000d69065d0}: 'java.lang.Object java.lang.invoke.DirectMethodHandle$Holder.invokeSpecialIFC(java.lang.Object, java.lang.Object, java.lang.Object, java.lang.Object)'> (0x00000000d69065d0) 
thrown [s\src\hotspot\share\interpreter\linkResolver.cpp, line 773]
Event: 11.546 Thread 0x0000022088733730 Implicit null exception at 0x0000022034835df5 to 0x0000022034835ed0
Event: 11.988 Thread 0x0000022088733730 Exception <a 'java/io/FileNotFoundException'{0x00000000d5619de8}> (0x00000000d5619de8) 
thrown [s\src\hotspot\share\prims\jni.cpp, line 520]
Event: 11.989 Thread 0x0000022088733730 Exception <a 'java/io/FileNotFoundException'{0x00000000d561ae10}> (0x00000000d561ae10) 
thrown [s\src\hotspot\share\prims\jni.cpp, line 520]
Event: 12.083 Thread 0x00000220887305a0 Exception <a 'java/lang/NoClassDefFoundError'{0x00000000d570c888}: javax/enterprise/inject/Typed> (0x00000000d570c888) 
thrown [s\src\hotspot\share\classfile\systemDictionary.cpp, line 301]

ZGC Phase Switch (0 events):
No events

VM Operations (20 events):
Event: 7.562 Executing safepoint VM operation: ParallelGCFailedAllocation (Allocation Failure)
Event: 7.578 Executing safepoint VM operation: ParallelGCFailedAllocation (Allocation Failure) done
Event: 7.578 Executing safepoint VM operation: CollectForMetadataAllocation (Metadata GC Threshold)
Event: 7.648 Executing safepoint VM operation: CollectForMetadataAllocation (Metadata GC Threshold) done
Event: 8.656 Executing safepoint VM operation: Cleanup
Event: 9.358 Executing safepoint VM operation: Cleanup done
Event: 9.832 Executing non-safepoint VM operation: HandshakeAllThreads (Deoptimize)
Event: 9.832 Executing non-safepoint VM operation: HandshakeAllThreads (Deoptimize) done
Event: 10.838 Executing safepoint VM operation: Cleanup
Event: 10.838 Executing safepoint VM operation: Cleanup done
Event: 11.117 Executing safepoint VM operation: ParallelGCFailedAllocation (Allocation Failure)
Event: 11.119 Executing safepoint VM operation: ParallelGCFailedAllocation (Allocation Failure) done
Event: 11.681 Executing safepoint VM operation: ParallelGCFailedAllocation (Allocation Failure)
Event: 11.683 Executing safepoint VM operation: ParallelGCFailedAllocation (Allocation Failure) done
Event: 11.961 Executing non-safepoint VM operation: HandshakeAllThreads (Deoptimize)
Event: 11.979 Executing non-safepoint VM operation: HandshakeAllThreads (Deoptimize) done
Event: 11.979 Executing safepoint VM operation: ParallelGCFailedAllocation (Allocation Failure)
Event: 11.984 Executing safepoint VM operation: ParallelGCFailedAllocation (Allocation Failure) done
Event: 12.791 Executing safepoint VM operation: ParallelGCFailedAllocation (Allocation Failure)
Event: 12.808 Executing safepoint VM operation: ParallelGCFailedAllocation (Allocation Failure) done

Memory protections (0 events):
No events

Nmethod flushes (0 events):
No events

Events (20 events):
Event: 0.070 Thread 0x00000220282f1220 Thread added: 0x000002202839f300
Event: 0.070 Thread 0x00000220282f1220 Thread added: 0x000002202839fd60
Event: 0.071 Thread 0x00000220282f1220 Thread added: 0x00000220283a2bb0
Event: 0.071 Thread 0x00000220282f1220 Thread added: 0x0000022082f14ee0
Event: 0.172 Thread 0x00000220282f1220 Thread added: 0x0000022083078d70
Event: 0.298 Thread 0x0000022082f14ee0 Thread added: 0x0000022083226a80
Event: 0.449 Thread 0x00000220282f1220 Thread added: 0x000002208314c2d0
Event: 1.200 Thread 0x0000022083226a80 Thread exited: 0x0000022083226a80
Event: 1.591 Thread 0x00000220282f1220 Thread added: 0x000002208898f390
Event: 1.916 Thread 0x00000220282f1220 Thread added: 0x0000022088738cd0
Event: 1.971 Thread 0x0000022088738cd0 Thread added: 0x00000220887acc40
Event: 1.974 Thread 0x00000220282f1220 Thread added: 0x0000022088733730
Event: 2.522 Thread 0x0000022088733730 Thread added: 0x0000022088d87b40
Event: 4.798 Thread 0x0000022088733730 Thread added: 0x00000220891a1ab0
Event: 5.824 Thread 0x0000022088733730 Thread added: 0x0000022082fd2980
Event: 6.236 Thread 0x0000022088733730 Thread added: 0x00000220887305a0
Event: 6.275 Thread 0x0000022088733730 Thread added: 0x000002208872e4d0
Event: 8.562 Thread 0x00000220887305a0 Thread added: 0x000002208872eb60
Event: 9.360 Thread 0x000002208872eb60 Thread added: 0x000002208872f1f0
Event: 12.855 Thread 0x0000022088733730 Thread added: 0x000002208872ff10


Dynamic libraries:
0x00007ff60dd00000 - 0x00007ff60dd0e000 	c:\Users\prajwal\.antigravity\extensions\redhat.java-1.54.0-win32-x64\jre\21.0.10-win32-x86_64\bin\java.exe
0x00007fff5ccc0000 - 0x00007fff5cf27000 	C:\WINDOWS\SYSTEM32\ntdll.dll
0x00007fff5c310000 - 0x00007fff5c3d9000 	C:\WINDOWS\System32\KERNEL32.DLL
0x00007fff5a650000 - 0x00007fff5aa44000 	C:\WINDOWS\System32\KERNELBASE.dll
0x00007fff59a80000 - 0x00007fff59bcb000 	C:\WINDOWS\System32\ucrtbase.dll
0x00007fff38890000 - 0x00007fff388a8000 	c:\Users\prajwal\.antigravity\extensions\redhat.java-1.54.0-win32-x64\jre\21.0.10-win32-x86_64\bin\jli.dll
0x00007fff5ac90000 - 0x00007fff5ae55000 	C:\WINDOWS\System32\USER32.dll
0x00007fff5a570000 - 0x00007fff5a597000 	C:\WINDOWS\System32\win32u.dll
0x00007fff5c6e0000 - 0x00007fff5c70b000 	C:\WINDOWS\System32\GDI32.dll
0x00007fff59bd0000 - 0x00007fff59cfb000 	C:\WINDOWS\System32\gdi32full.dll
0x00007fff59790000 - 0x00007fff59833000 	C:\WINDOWS\System32\msvcp_win.dll
0x00007fff3e1e0000 - 0x00007fff3e473000 	C:\WINDOWS\WinSxS\amd64_microsoft.windows.common-controls_6595b64144ccf1df_6.0.26100.8115_none_3e075c82e3354f9c\COMCTL32.dll
0x00007fff5c7f0000 - 0x00007fff5c899000 	C:\WINDOWS\System32\msvcrt.dll
0x00007fff38580000 - 0x00007fff3859e000 	c:\Users\prajwal\.antigravity\extensions\redhat.java-1.54.0-win32-x64\jre\21.0.10-win32-x86_64\bin\VCRUNTIME140.dll
0x00007fff5aed0000 - 0x00007fff5af02000 	C:\WINDOWS\System32\IMM32.DLL
0x00007fff43450000 - 0x00007fff4345c000 	c:\Users\prajwal\.antigravity\extensions\redhat.java-1.54.0-win32-x64\jre\21.0.10-win32-x86_64\bin\vcruntime140_1.dll
0x00007fff37ec0000 - 0x00007fff37f4d000 	c:\Users\prajwal\.antigravity\extensions\redhat.java-1.54.0-win32-x64\jre\21.0.10-win32-x86_64\bin\msvcp140.dll
0x00007ffe502b0000 - 0x00007ffe51051000 	c:\Users\prajwal\.antigravity\extensions\redhat.java-1.54.0-win32-x64\jre\21.0.10-win32-x86_64\bin\server\jvm.dll
0x00007fff5c720000 - 0x00007fff5c7d6000 	C:\WINDOWS\System32\ADVAPI32.dll
0x00007fff5c260000 - 0x00007fff5c307000 	C:\WINDOWS\System32\sechost.dll
0x00007fff5c8a0000 - 0x00007fff5c9b8000 	C:\WINDOWS\System32\RPCRT4.dll
0x00007fff5aa50000 - 0x00007fff5aad0000 	C:\WINDOWS\System32\WS2_32.dll
0x00007fff59240000 - 0x00007fff5929e000 	C:\WINDOWS\SYSTEM32\POWRPROF.dll
0x00007fff52ac0000 - 0x00007fff52af6000 	C:\WINDOWS\SYSTEM32\WINMM.dll
0x00007fff52b00000 - 0x00007fff52b0b000 	C:\WINDOWS\SYSTEM32\VERSION.dll
0x00007fff59220000 - 0x00007fff59234000 	C:\WINDOWS\SYSTEM32\UMPDC.dll
0x00007fff58320000 - 0x00007fff5833b000 	C:\WINDOWS\SYSTEM32\kernel.appcore.dll
0x00007fff433b0000 - 0x00007fff433ba000 	c:\Users\prajwal\.antigravity\extensions\redhat.java-1.54.0-win32-x64\jre\21.0.10-win32-x86_64\bin\jimage.dll
0x00007fff4d7a0000 - 0x00007fff4d9e2000 	C:\WINDOWS\SYSTEM32\DBGHELP.DLL
0x00007fff5afd0000 - 0x00007fff5b352000 	C:\WINDOWS\System32\combase.dll
0x00007fff5bfe0000 - 0x00007fff5c0b8000 	C:\WINDOWS\System32\OLEAUT32.dll
0x00007fff3d940000 - 0x00007fff3d97b000 	C:\WINDOWS\SYSTEM32\dbgcore.DLL
0x00007fff5a5a0000 - 0x00007fff5a645000 	C:\WINDOWS\System32\bcryptPrimitives.dll
0x00007fff38120000 - 0x00007fff3812f000 	c:\Users\prajwal\.antigravity\extensions\redhat.java-1.54.0-win32-x64\jre\21.0.10-win32-x86_64\bin\instrument.dll
0x00007fff38560000 - 0x00007fff38580000 	c:\Users\prajwal\.antigravity\extensions\redhat.java-1.54.0-win32-x64\jre\21.0.10-win32-x86_64\bin\java.dll
0x00007fff5b870000 - 0x00007fff5bfd7000 	C:\WINDOWS\System32\SHELL32.dll
0x00007fff59620000 - 0x00007fff5978a000 	C:\WINDOWS\System32\wintypes.dll
0x00007fff59d00000 - 0x00007fff5a568000 	C:\WINDOWS\System32\windows.storage.dll
0x00007fff5c5b0000 - 0x00007fff5c6a8000 	C:\WINDOWS\System32\SHCORE.dll
0x00007fff5ae60000 - 0x00007fff5aec6000 	C:\WINDOWS\System32\shlwapi.dll
0x00007fff594b0000 - 0x00007fff594d9000 	C:\WINDOWS\SYSTEM32\profapi.dll
0x00007fff38540000 - 0x00007fff38558000 	c:\Users\prajwal\.antigravity\extensions\redhat.java-1.54.0-win32-x64\jre\21.0.10-win32-x86_64\bin\zip.dll
0x00007fff38900000 - 0x00007fff38910000 	C:\Users\prajwal\.antigravity\extensions\redhat.java-1.54.0-win32-x64\jre\21.0.10-win32-x86_64\bin\net.dll
0x00007fff50810000 - 0x00007fff5093d000 	C:\WINDOWS\SYSTEM32\WINHTTP.dll
0x00007fff58890000 - 0x00007fff588fc000 	C:\WINDOWS\system32\mswsock.dll
0x00007fff38520000 - 0x00007fff38536000 	C:\Users\prajwal\.antigravity\extensions\redhat.java-1.54.0-win32-x64\jre\21.0.10-win32-x86_64\bin\nio.dll
0x00007fff380e0000 - 0x00007fff380f0000 	c:\Users\prajwal\.antigravity\extensions\redhat.java-1.54.0-win32-x64\jre\21.0.10-win32-x86_64\bin\verify.dll
0x00007fff37e20000 - 0x00007fff37e65000 	C:\Users\prajwal\AppData\Roaming\Antigravity\User\globalStorage\redhat.java\1.54.0\config_win\org.eclipse.equinox.launcher\org.eclipse.equinox.launcher.win32.win32.x86_64_1.3.0.v20260203-2149\eclipse_11919.dll
0x00007fff5c0c0000 - 0x00007fff5c257000 	C:\WINDOWS\System32\ole32.dll
0x00007fff58b70000 - 0x00007fff58b8b000 	C:\WINDOWS\SYSTEM32\CRYPTSP.dll
0x00007fff58280000 - 0x00007fff582b9000 	C:\WINDOWS\system32\rsaenh.dll
0x00007fff58940000 - 0x00007fff58973000 	C:\WINDOWS\SYSTEM32\USERENV.dll

JVMTI agents:
c:\Users\prajwal\.antigravity\extensions\redhat.java-1.54.0-win32-x64\lombok\lombok-1.18.39-4050.jar path:c:\Users\prajwal\.antigravity\extensions\redhat.java-1.54.0-win32-x64\jre\21.0.10-win32-x86_64\bin\instrument.dll, loaded, initialized, instrumentlib options:none

dbghelp: loaded successfully - version: 4.0.5 - missing functions: none
symbol engine: initialized successfully - sym options: 0x614 - pdb path: .;c:\Users\prajwal\.antigravity\extensions\redhat.java-1.54.0-win32-x64\jre\21.0.10-win32-x86_64\bin;C:\WINDOWS\SYSTEM32;C:\WINDOWS\WinSxS\amd64_microsoft.windows.common-controls_6595b64144ccf1df_6.0.26100.8115_none_3e075c82e3354f9c;c:\Users\prajwal\.antigravity\extensions\redhat.java-1.54.0-win32-x64\jre\21.0.10-win32-x86_64\bin\server;C:\Users\prajwal\AppData\Roaming\Antigravity\User\globalStorage\redhat.java\1.54.0\config_win\org.eclipse.equinox.launcher\org.eclipse.equinox.launcher.win32.win32.x86_64_1.3.0.v20260203-2149

VM Arguments:
jvm_args: --add-modules=ALL-SYSTEM --add-opens=java.base/java.util=ALL-UNNAMED --add-opens=java.base/java.lang=ALL-UNNAMED --add-opens=java.base/sun.nio.fs=ALL-UNNAMED -Declipse.application=org.eclipse.jdt.ls.core.id1 -Dosgi.bundles.defaultStartLevel=4 -Declipse.product=org.eclipse.jdt.ls.core.product -Djava.import.generatesMetadataFilesAtProjectRoot=false -DDetectVMInstallationsJob.disabled=true -Dfile.encoding=utf8 -XX:+UseParallelGC -XX:GCTimeRatio=4 -XX:AdaptiveSizePolicyWeight=90 -Dsun.zip.disableMemoryMapping=true -Xmx2G -Xms100m -Xlog:disable -javaagent:c:\Users\prajwal\.antigravity\extensions\redhat.java-1.54.0-win32-x64\lombok\lombok-1.18.39-4050.jar -XX:+HeapDumpOnOutOfMemoryError -XX:HeapDumpPath=c:\Users\prajwal\AppData\Roaming\Antigravity\User\workspaceStorage\ff6c43848e3ac9058189ba5a194a0164\redhat.java -Daether.dependencyCollector.impl=bf 
java_command: c:\Users\prajwal\.antigravity\extensions\redhat.java-1.54.0-win32-x64\server\plugins\org.eclipse.equinox.launcher_1.7.100.v20251111-0406.jar -configuration c:\Users\prajwal\AppData\Roaming\Antigravity\User\globalStorage\redhat.java\1.54.0\config_win -data c:\Users\prajwal\AppData\Roaming\Antigravity\User\workspaceStorage\ff6c43848e3ac9058189ba5a194a0164\redhat.java\jdt_ws --pipe=\\.\pipe\lsp-fce7fd219013954d8b9b5d63794e8f37-sock
java_class_path (initial): c:\Users\prajwal\.antigravity\extensions\redhat.java-1.54.0-win32-x64\server\plugins\org.eclipse.equinox.launcher_1.7.100.v20251111-0406.jar
Launcher Type: SUN_STANDARD

[Global flags]
    uintx AdaptiveSizePolicyWeight                 = 90                                        {product} {command line}
     intx CICompilerCount                          = 4                                         {product} {ergonomic}
    uintx GCTimeRatio                              = 4                                         {product} {command line}
     bool HeapDumpOnOutOfMemoryError               = true                                   {manageable} {command line}
    ccstr HeapDumpPath                             = c:\Users\prajwal\AppData\Roaming\Antigravity\User\workspaceStorage\ff6c43848e3ac9058189ba5a194a0164\redhat.java         {manageable} {command line}
   size_t InitialHeapSize                          = 104857600                                 {product} {command line}
   size_t MaxHeapSize                              = 2147483648                                {product} {command line}
   size_t MaxNewSize                               = 715653120                                 {product} {ergonomic}
   size_t MinHeapDeltaBytes                        = 524288                                    {product} {ergonomic}
   size_t MinHeapSize                              = 104857600                                 {product} {command line}
   size_t NewSize                                  = 34603008                                  {product} {ergonomic}
    uintx NonNMethodCodeHeapSize                   = 5839372                                {pd product} {ergonomic}
    uintx NonProfiledCodeHeapSize                  = 122909434                              {pd product} {ergonomic}
   size_t OldSize                                  = 70254592                                  {product} {ergonomic}
    uintx ProfiledCodeHeapSize                     = 122909434                              {pd product} {ergonomic}
    uintx ReservedCodeCacheSize                    = 251658240                              {pd product} {ergonomic}
     bool SegmentedCodeCache                       = true                                      {product} {ergonomic}
   size_t SoftMaxHeapSize                          = 2147483648                             {manageable} {ergonomic}
     bool UseCompressedOops                        = true                           {product lp64_product} {ergonomic}
     bool UseLargePagesIndividualAllocation        = false                                  {pd product} {ergonomic}
     bool UseParallelGC                            = true                                      {product} {command line}

Logging:
Log output configuration:
 #0: stdout all=off uptime,level,tags foldmultilines=false
 #1: stderr all=off uptime,level,tags foldmultilines=false

Release file:
JAVA_VERSION="21.0.10" 
MODULES="java.base java.compiler java.datatransfer java.xml java.prefs java.desktop java.instrument java.logging java.management java.security.sasl java.naming java.rmi java.management.rmi java.net.http java.scripting java.security.jgss java.transaction.xa java.sql java.sql.rowset java.xml.crypto java.se java.smartcardio jdk.accessibility jdk.internal.jvmstat jdk.attach jdk.charsets jdk.internal.opt jdk.zipfs jdk.compiler jdk.crypto.ec jdk.crypto.cryptoki jdk.crypto.mscapi jdk.dynalink jdk.internal.ed jdk.editpad jdk.hotspot.agent jdk.httpserver jdk.internal.le jdk.internal.vm.ci jdk.internal.vm.compiler jdk.internal.vm.compiler.management jdk.jartool jdk.javadoc jdk.jcmd jdk.management jdk.management.agent jdk.jconsole jdk.jdeps jdk.jdwp.agent jdk.jdi jdk.jfr jdk.jshell jdk.jsobject jdk.jstatd jdk.localedata jdk.management.jfr jdk.naming.dns jdk.naming.rmi jdk.net jdk.nio.mapmode jdk.random jdk.sctp jdk.security.auth jdk.security.jgss jdk.unsupported jdk.unsupported.desktop jdk.xml.dom" 

Environment Variables:
JAVA_HOME=C:\Program Files\Java\jdk-17
PATH=C:\Program Files\Java\jdk-17\bin;C:\xampp\php;C:\WINDOWS\system32;C:\WINDOWS;C:\WINDOWS\System32\Wbem;C:\WINDOWS\System32\WindowsPowerShell\v1.0\;C:\WINDOWS\System32\OpenSSH\;C:\Program Files\MySQL\MySQL Server 8.0\bin;C:\Program Files\Git\cmd;C:\Program Files\Git\mingw64\bin;C:\Program Files\Git\usr\bin;C:\ProgramData\chocolatey\bin;C:\Users\prajwal\AppData\Local\Android\Sdk\platform-tools;C:\Program Files (x86)\Microsoft SQL Server\160\Tools\Binn\;C:\Program Files\Microsoft SQL Server\160\Tools\Binn\;C:\Program Files\Microsoft SQL Server\Client SDK\ODBC\170\Tools\Binn\;C:\Program Files\Microsoft SQL Server\160\DTS\Binn\;C:\Users\prajwal\AppData\Local\Programs\Python\Python313;C:\Program Files\apache-ant-1.10.15\bin;C:\Program Files\MySQL\MySQL Connector C 6.1\lib;C:\Program Files\MySQL\MySQL Connector C 6.1\include;C:\Program Files\nodejs\;C:\Program Files\MongoDB\Server\8.0\bin;C:\apache-maven-3.9.10\bin;C:\WINDOWS\system32;C:\WINDOWS;C:\WINDOWS\System32\Wbem;C:\WINDOWS\System32\WindowsPowerShell\v1.0\;C:\WINDOWS\System32\OpenSSH\;C:\Program Files\Docker\Docker\resources\bin;C:\Program Files\cursor\resources\app\bin;C:\ProgramData\ComposerSetup\bin;C:\flutter\bin;C:\Users\prajwal\AppData\Local\Pub\Cache\bin;C:\Program Files\Zabbix Agent\;C:\Users\prajwal\AppData\Local\Programs\Python\Launcher\;C:\Program Files\MySQL\MySQL Shell 8.0\bin\;C:\Users\prajwal\AppData\Local\Programs\Microsoft VS Code\bin;C:\Users\prajwal\AppData\Local\Android\Sdk\platform-tools;C:\MinGW\bin;C:\flutter\bin;C:\Users\prajwal\AppData\Local\Programs\mongosh\;C:\Users\prajwal\AppData\Roaming\npm;C:\Users\prajwal\AppData\Local\Microsoft\WindowsApps;C:\Users\prajwal\AppData\Roaming\Composer\vendor\bin;C:\Users\prajwal\AppData\Local\Programs\Antigravity\bin;C:\Program Files\Java\jdk-17\bin;
USERNAME=prajwal
OS=Windows_NT
PROCESSOR_IDENTIFIER=AMD64 Family 25 Model 80 Stepping 0, AuthenticAMD
TMP=C:\Users\prajwal\AppData\Local\Temp
TEMP=C:\Users\prajwal\AppData\Local\Temp




Periodic native trim disabled

---------------  S Y S T E M  ---------------

OS:
 Windows 11 , 64 bit Build 26100 (10.0.26100.8246)
OS uptime: 0 days 6:10 hours
Hyper-V role detected

CPU: total 12 (initial active 12) (12 cores per cpu, 2 threads per core) family 25 model 80 stepping 0 microcode 0xa50000f, cx8, cmov, fxsr, ht, mmx, 3dnowpref, sse, sse2, sse3, ssse3, sse4a, sse4.1, sse4.2, popcnt, lzcnt, tsc, tscinvbit, avx, avx2, aes, erms, clmul, bmi1, bmi2, adx, sha, fma, vzeroupper, clflush, clflushopt, hv, rdtscp, rdpid, fsrm, f16c, cet_ss
Processor Information for processor 0
  Max Mhz: 2301, Current Mhz: 2010, Mhz Limit: 2301
Processor Information for processor 1
  Max Mhz: 2301, Current Mhz: 2010, Mhz Limit: 2301
Processor Information for processor 2
  Max Mhz: 2301, Current Mhz: 2010, Mhz Limit: 2301
Processor Information for processor 3
  Max Mhz: 2301, Current Mhz: 2010, Mhz Limit: 2301
Processor Information for processor 4
  Max Mhz: 2301, Current Mhz: 2010, Mhz Limit: 2301
Processor Information for processor 5
  Max Mhz: 2301, Current Mhz: 2010, Mhz Limit: 2301
Processor Information for processor 6
  Max Mhz: 2301, Current Mhz: 2301, Mhz Limit: 2301
Processor Information for processor 7
  Max Mhz: 2301, Current Mhz: 2301, Mhz Limit: 2301
Processor Information for processor 8
  Max Mhz: 2301, Current Mhz: 2301, Mhz Limit: 2301
Processor Information for processor 9
  Max Mhz: 2301, Current Mhz: 2301, Mhz Limit: 2301
Processor Information for processor 10
  Max Mhz: 2301, Current Mhz: 2301, Mhz Limit: 2301
Processor Information for processor 11
  Max Mhz: 2301, Current Mhz: 2301, Mhz Limit: 2301

Memory: 4k page, system-wide physical 7520M (238M free)
TotalPageFile size 26369M (AvailPageFile size 4M)
current process WorkingSet (physical memory assigned to process): 127M, peak: 145M
current process commit charge ("private bytes"): 303M, peak: 303M

vm_info: OpenJDK 64-Bit Server VM (21.0.10+7-LTS) for windows-amd64 JRE (21.0.10+7-LTS), built on 2026-01-20T00:00:00Z by "admin" with MS VC++ 17.12 (VS2022)

END.
